Replace Part C2 100nf_0402 in E:\HardwareProjects\SpartanDemo\SpartanMainBoard\ArtixConfig.SchDoc with 100nf_0402 from Capacitors.IntLib
Replace Part C7 100nf_0402 in E:\HardwareProjects\SpartanDemo\SpartanMainBoard\ArtixConfig.SchDoc with 100nf_0402 from Capacitors.IntLib
Replace Part D1 LTST-C190GKT in E:\HardwareProjects\SpartanDemo\SpartanMainBoard\ArtixConfig.SchDoc with LTST-C190GKT from Diodes.IntLib
Replace Part D2 UCLAMP3301H.TCT in E:\HardwareProjects\SpartanDemo\SpartanMainBoard\ArtixConfig.SchDoc with UCLAMP3301H.TCT from Diodes.IntLib
Replace Part J1 87832-1420 in E:\HardwareProjects\SpartanDemo\SpartanMainBoard\ArtixConfig.SchDoc with 87832-1420 from 87832-1420.IntLib
Replace Part R4 300OHM_0402 in E:\HardwareProjects\SpartanDemo\SpartanMainBoard\ArtixConfig.SchDoc with 300OHM_0402 from Resistors.IntLib
Replace Part R5 4.7K_0402 in E:\HardwareProjects\SpartanDemo\SpartanMainBoard\ArtixConfig.SchDoc with 4.7K_0402 from Resistors.IntLib
Replace Part R6 4.7K_0402 in E:\HardwareProjects\SpartanDemo\SpartanMainBoard\ArtixConfig.SchDoc with 4.7K_0402 from Resistors.IntLib
Replace Part R7 4.7K_0402 in E:\HardwareProjects\SpartanDemo\SpartanMainBoard\ArtixConfig.SchDoc with 4.7K_0402 from Resistors.IntLib
Replace Part R8 4.7K_0402 in E:\HardwareProjects\SpartanDemo\SpartanMainBoard\ArtixConfig.SchDoc with 4.7K_0402 from Resistors.IntLib
Replace Part R9 4.7K_0402 in E:\HardwareProjects\SpartanDemo\SpartanMainBoard\ArtixConfig.SchDoc with 4.7K_0402 from Resistors.IntLib
Replace Part R10 0OHM_0402 in E:\HardwareProjects\SpartanDemo\SpartanMainBoard\ArtixConfig.SchDoc with 0OHM_0402 from Resistors.IntLib
Replace Part R11 100OHM_0402 in E:\HardwareProjects\SpartanDemo\SpartanMainBoard\ArtixConfig.SchDoc with 100OHM_0402 from Resistors.IntLib
Replace Part R12 100OHM_0402 in E:\HardwareProjects\SpartanDemo\SpartanMainBoard\ArtixConfig.SchDoc with 100OHM_0402 from Resistors.IntLib
Replace Part R13 4.7K_0402 in E:\HardwareProjects\SpartanDemo\SpartanMainBoard\ArtixConfig.SchDoc with 4.7K_0402 from Resistors.IntLib
Replace Part R14 100OHM_0402 in E:\HardwareProjects\SpartanDemo\SpartanMainBoard\ArtixConfig.SchDoc with 100OHM_0402 from Resistors.IntLib
Replace Part R15 100OHM_0402 in E:\HardwareProjects\SpartanDemo\SpartanMainBoard\ArtixConfig.SchDoc with 100OHM_0402 from Resistors.IntLib
Replace Part R16 1k_0402 in E:\HardwareProjects\SpartanDemo\SpartanMainBoard\ArtixConfig.SchDoc with 1k_0402 from Resistors.IntLib
Replace Part R17 0OHM_0402 in E:\HardwareProjects\SpartanDemo\SpartanMainBoard\ArtixConfig.SchDoc with 0OHM_0402 from Resistors.IntLib
Replace Part R18 0OHM_0402 in E:\HardwareProjects\SpartanDemo\SpartanMainBoard\ArtixConfig.SchDoc with 0OHM_0402 from Resistors.IntLib
Replace Part R19 0OHM_0402 in E:\HardwareProjects\SpartanDemo\SpartanMainBoard\ArtixConfig.SchDoc with 0OHM_0402 from Resistors.IntLib
Replace Part R20 0OHM_0402 in E:\HardwareProjects\SpartanDemo\SpartanMainBoard\ArtixConfig.SchDoc with 0OHM_0402 from Resistors.IntLib
Replace Part R21 1k_0402 in E:\HardwareProjects\SpartanDemo\SpartanMainBoard\ArtixConfig.SchDoc with 1k_0402 from Resistors.IntLib
Replace Part R22 NC_0402 in E:\HardwareProjects\SpartanDemo\SpartanMainBoard\ArtixConfig.SchDoc with NC_0402 from Resistors.IntLib
Replace Part R23 NC_0402 in E:\HardwareProjects\SpartanDemo\SpartanMainBoard\ArtixConfig.SchDoc with NC_0402 from Resistors.IntLib
Replace Part R24 22OHM_0402 in E:\HardwareProjects\SpartanDemo\SpartanMainBoard\ArtixConfig.SchDoc with 22OHM_0402 from Resistors.IntLib
Replace Part R25 NC_0402 in E:\HardwareProjects\SpartanDemo\SpartanMainBoard\ArtixConfig.SchDoc with NC_0402 from Resistors.IntLib
Replace Part R26 1k_0402 in E:\HardwareProjects\SpartanDemo\SpartanMainBoard\ArtixConfig.SchDoc with 1k_0402 from Resistors.IntLib
Replace Part R27 1k_0402 in E:\HardwareProjects\SpartanDemo\SpartanMainBoard\ArtixConfig.SchDoc with 1k_0402 from Resistors.IntLib
Replace Part R28 22OHM_0402 in E:\HardwareProjects\SpartanDemo\SpartanMainBoard\ArtixConfig.SchDoc with 22OHM_0402 from Resistors.IntLib
Replace Part SW1 B3SN-3012P in E:\HardwareProjects\SpartanDemo\SpartanMainBoard\ArtixConfig.SchDoc with B3SN-3012P from Switches.IntLib
Replace Part U1 XC7A12T_1CSG325I in E:\HardwareProjects\SpartanDemo\SpartanMainBoard\ArtixConfig.SchDoc with XC7A12T_1CSG325I from XC7A12T_1CPG238I.IntLib
Replace Part U3 MX25L3233FM2I-08G in E:\HardwareProjects\SpartanDemo\SpartanMainBoard\ArtixConfig.SchDoc with MX25L3233FM2I-08G from MX25L3233FM2I-08G.IntLib
