Replace Part C3 100nf_0402 in E:\HardwareProjects\SpartanDemo\SpartanMainBoard\ArtixBank14.SchDoc with 100nf_0402 from Capacitors.IntLib
Replace Part C4 1uf_0402 in E:\HardwareProjects\SpartanDemo\SpartanMainBoard\ArtixBank14.SchDoc with 1uf_0402 from Capacitors.IntLib
Replace Part C5 1uf_0402 in E:\HardwareProjects\SpartanDemo\SpartanMainBoard\ArtixBank14.SchDoc with 1uf_0402 from Capacitors.IntLib
Replace Part C6 1uf_0402 in E:\HardwareProjects\SpartanDemo\SpartanMainBoard\ArtixBank14.SchDoc with 1uf_0402 from Capacitors.IntLib
Replace Part C24 100nf_0402 in E:\HardwareProjects\SpartanDemo\SpartanMainBoard\ArtixBank14.SchDoc with 100nf_0402 from Capacitors.IntLib
Replace Part J5 3-1734592-7 in E:\HardwareProjects\SpartanDemo\SpartanMainBoard\ArtixBank14.SchDoc with 3-1734592-7 from 3-1734592-7.IntLib
Replace Part R2 10K_0402 in E:\HardwareProjects\SpartanDemo\SpartanMainBoard\ArtixBank14.SchDoc with 10K_0402 from Resistors.IntLib
Replace Part R3 10K_0402 in E:\HardwareProjects\SpartanDemo\SpartanMainBoard\ArtixBank14.SchDoc with 10K_0402 from Resistors.IntLib
Replace Part R35 200OHM_0402 in E:\HardwareProjects\SpartanDemo\SpartanMainBoard\ArtixBank14.SchDoc with 200OHM_0402 from Resistors.IntLib
Replace Part R36 200OHM_0402 in E:\HardwareProjects\SpartanDemo\SpartanMainBoard\ArtixBank14.SchDoc with 200OHM_0402 from Resistors.IntLib
Replace Part R37 200OHM_0402 in E:\HardwareProjects\SpartanDemo\SpartanMainBoard\ArtixBank14.SchDoc with 200OHM_0402 from Resistors.IntLib
Replace Part R38 200OHM_0402 in E:\HardwareProjects\SpartanDemo\SpartanMainBoard\ArtixBank14.SchDoc with 200OHM_0402 from Resistors.IntLib
Replace Part R39 200OHM_0402 in E:\HardwareProjects\SpartanDemo\SpartanMainBoard\ArtixBank14.SchDoc with 200OHM_0402 from Resistors.IntLib
Replace Part R40 200OHM_0402 in E:\HardwareProjects\SpartanDemo\SpartanMainBoard\ArtixBank14.SchDoc with 200OHM_0402 from Resistors.IntLib
Replace Part R41 200OHM_0402 in E:\HardwareProjects\SpartanDemo\SpartanMainBoard\ArtixBank14.SchDoc with 200OHM_0402 from Resistors.IntLib
Replace Part R42 200OHM_0402 in E:\HardwareProjects\SpartanDemo\SpartanMainBoard\ArtixBank14.SchDoc with 200OHM_0402 from Resistors.IntLib
Replace Part R43 200OHM_0402 in E:\HardwareProjects\SpartanDemo\SpartanMainBoard\ArtixBank14.SchDoc with 200OHM_0402 from Resistors.IntLib
Replace Part R44 200OHM_0402 in E:\HardwareProjects\SpartanDemo\SpartanMainBoard\ArtixBank14.SchDoc with 200OHM_0402 from Resistors.IntLib
Replace Part R45 200OHM_0402 in E:\HardwareProjects\SpartanDemo\SpartanMainBoard\ArtixBank14.SchDoc with 200OHM_0402 from Resistors.IntLib
Replace Part R46 200OHM_0402 in E:\HardwareProjects\SpartanDemo\SpartanMainBoard\ArtixBank14.SchDoc with 200OHM_0402 from Resistors.IntLib
Replace Part R47 200OHM_0402 in E:\HardwareProjects\SpartanDemo\SpartanMainBoard\ArtixBank14.SchDoc with 200OHM_0402 from Resistors.IntLib
Replace Part R48 200OHM_0402 in E:\HardwareProjects\SpartanDemo\SpartanMainBoard\ArtixBank14.SchDoc with 200OHM_0402 from Resistors.IntLib
Replace Part R49 200OHM_0402 in E:\HardwareProjects\SpartanDemo\SpartanMainBoard\ArtixBank14.SchDoc with 200OHM_0402 from Resistors.IntLib
Replace Part R50 200OHM_0402 in E:\HardwareProjects\SpartanDemo\SpartanMainBoard\ArtixBank14.SchDoc with 200OHM_0402 from Resistors.IntLib
Replace Part R51 200OHM_0402 in E:\HardwareProjects\SpartanDemo\SpartanMainBoard\ArtixBank14.SchDoc with 200OHM_0402 from Resistors.IntLib
Replace Part R52 200OHM_0402 in E:\HardwareProjects\SpartanDemo\SpartanMainBoard\ArtixBank14.SchDoc with 200OHM_0402 from Resistors.IntLib
Replace Part R53 200OHM_0402 in E:\HardwareProjects\SpartanDemo\SpartanMainBoard\ArtixBank14.SchDoc with 200OHM_0402 from Resistors.IntLib
Replace Part R54 200OHM_0402 in E:\HardwareProjects\SpartanDemo\SpartanMainBoard\ArtixBank14.SchDoc with 200OHM_0402 from Resistors.IntLib
Replace Part R55 200OHM_0402 in E:\HardwareProjects\SpartanDemo\SpartanMainBoard\ArtixBank14.SchDoc with 200OHM_0402 from Resistors.IntLib
Replace Part R56 200OHM_0402 in E:\HardwareProjects\SpartanDemo\SpartanMainBoard\ArtixBank14.SchDoc with 200OHM_0402 from Resistors.IntLib
Replace Part R57 1k_0402 in E:\HardwareProjects\SpartanDemo\SpartanMainBoard\ArtixBank14.SchDoc with 1k_0402 from Resistors.IntLib
Replace Part R58 0OHM_0402 in E:\HardwareProjects\SpartanDemo\SpartanMainBoard\ArtixBank14.SchDoc with 0OHM_0402 from Resistors.IntLib
Replace Part R63 0.01OHM_0603 in E:\HardwareProjects\SpartanDemo\SpartanMainBoard\ArtixBank14.SchDoc with 0.01OHM_0603 from Resistors.IntLib
Replace Part U1 XC7A12T_1CSG325I in E:\HardwareProjects\SpartanDemo\SpartanMainBoard\ArtixBank14.SchDoc with XC7A12T_1CSG325I from XC7A12T_1CPG238I.IntLib
Replace Part U2 MT25QL256ABA8ESF-0SIT in E:\HardwareProjects\SpartanDemo\SpartanMainBoard\ArtixBank14.SchDoc with MT25QL256ABA8ESF-0SIT from MT25QL256ABA.IntLib
Replace Part X1 SIT8008AI-12-33E-100.000000E in E:\HardwareProjects\SpartanDemo\SpartanMainBoard\ArtixBank14.SchDoc with SIT8008AI-12-33E-100.000000E from Oscillators.IntLib
