Replace Part C8 100uf_1206 in E:\HardwareProjects\SpartanDemo\SpartanMainBoard\ArtixPower.SchDoc with 100uf_1206 from Capacitors.IntLib
Replace Part C9 4.7uf_0402 in E:\HardwareProjects\SpartanDemo\SpartanMainBoard\ArtixPower.SchDoc with 4.7uf_0402 from Capacitors.IntLib
Replace Part C10 0.47uf_0402 in E:\HardwareProjects\SpartanDemo\SpartanMainBoard\ArtixPower.SchDoc with 0.47uf_0402 from Capacitors.IntLib
Replace Part C11 0.47uf_0402 in E:\HardwareProjects\SpartanDemo\SpartanMainBoard\ArtixPower.SchDoc with 0.47uf_0402 from Capacitors.IntLib
Replace Part C25 47uf_0805 in E:\HardwareProjects\SpartanDemo\SpartanMainBoard\ArtixPower.SchDoc with 47uf_0805 from Capacitors.IntLib
Replace Part C26 0.47uf_0402 in E:\HardwareProjects\SpartanDemo\SpartanMainBoard\ArtixPower.SchDoc with 0.47uf_0402 from Capacitors.IntLib
Replace Part C27 47uf_0805 in E:\HardwareProjects\SpartanDemo\SpartanMainBoard\ArtixPower.SchDoc with 47uf_0805 from Capacitors.IntLib
Replace Part C28 4.7uf_0402 in E:\HardwareProjects\SpartanDemo\SpartanMainBoard\ArtixPower.SchDoc with 4.7uf_0402 from Capacitors.IntLib
Replace Part C29 0.47uf_0402 in E:\HardwareProjects\SpartanDemo\SpartanMainBoard\ArtixPower.SchDoc with 0.47uf_0402 from Capacitors.IntLib
Replace Part C30 0.47uf_0402 in E:\HardwareProjects\SpartanDemo\SpartanMainBoard\ArtixPower.SchDoc with 0.47uf_0402 from Capacitors.IntLib
Replace Part C31 47uf_0805 in E:\HardwareProjects\SpartanDemo\SpartanMainBoard\ArtixPower.SchDoc with 47uf_0805 from Capacitors.IntLib
Replace Part C32 4.7uf_0402 in E:\HardwareProjects\SpartanDemo\SpartanMainBoard\ArtixPower.SchDoc with 4.7uf_0402 from Capacitors.IntLib
Replace Part C33 0.47uf_0402 in E:\HardwareProjects\SpartanDemo\SpartanMainBoard\ArtixPower.SchDoc with 0.47uf_0402 from Capacitors.IntLib
Replace Part C34 47uf_0805 in E:\HardwareProjects\SpartanDemo\SpartanMainBoard\ArtixPower.SchDoc with 47uf_0805 from Capacitors.IntLib
Replace Part C35 47uf_0805 in E:\HardwareProjects\SpartanDemo\SpartanMainBoard\ArtixPower.SchDoc with 47uf_0805 from Capacitors.IntLib
Replace Part C36 4.7uf_0402 in E:\HardwareProjects\SpartanDemo\SpartanMainBoard\ArtixPower.SchDoc with 4.7uf_0402 from Capacitors.IntLib
Replace Part C37 0.47uf_0402 in E:\HardwareProjects\SpartanDemo\SpartanMainBoard\ArtixPower.SchDoc with 0.47uf_0402 from Capacitors.IntLib
Replace Part C38 47uf_0805 in E:\HardwareProjects\SpartanDemo\SpartanMainBoard\ArtixPower.SchDoc with 47uf_0805 from Capacitors.IntLib
Replace Part C39 4.7uf_0402 in E:\HardwareProjects\SpartanDemo\SpartanMainBoard\ArtixPower.SchDoc with 4.7uf_0402 from Capacitors.IntLib
Replace Part C40 0.47uf_0402 in E:\HardwareProjects\SpartanDemo\SpartanMainBoard\ArtixPower.SchDoc with 0.47uf_0402 from Capacitors.IntLib
Replace Part C41 47nf_0402 in E:\HardwareProjects\SpartanDemo\SpartanMainBoard\ArtixPower.SchDoc with 47nf_0402 from Capacitors.IntLib
Replace Part C42 47nf_0402 in E:\HardwareProjects\SpartanDemo\SpartanMainBoard\ArtixPower.SchDoc with 47nf_0402 from Capacitors.IntLib
Replace Part C43 47nf_0402 in E:\HardwareProjects\SpartanDemo\SpartanMainBoard\ArtixPower.SchDoc with 47nf_0402 from Capacitors.IntLib
Replace Part C44 47nf_0402 in E:\HardwareProjects\SpartanDemo\SpartanMainBoard\ArtixPower.SchDoc with 47nf_0402 from Capacitors.IntLib
Replace Part C45 47nf_0402 in E:\HardwareProjects\SpartanDemo\SpartanMainBoard\ArtixPower.SchDoc with 47nf_0402 from Capacitors.IntLib
Replace Part C46 47nf_0402 in E:\HardwareProjects\SpartanDemo\SpartanMainBoard\ArtixPower.SchDoc with 47nf_0402 from Capacitors.IntLib
Replace Part C47 47nf_0402 in E:\HardwareProjects\SpartanDemo\SpartanMainBoard\ArtixPower.SchDoc with 47nf_0402 from Capacitors.IntLib
Replace Part C48 47nf_0402 in E:\HardwareProjects\SpartanDemo\SpartanMainBoard\ArtixPower.SchDoc with 47nf_0402 from Capacitors.IntLib
Replace Part C49 47nf_0402 in E:\HardwareProjects\SpartanDemo\SpartanMainBoard\ArtixPower.SchDoc with 47nf_0402 from Capacitors.IntLib
Replace Part C50 47nf_0402 in E:\HardwareProjects\SpartanDemo\SpartanMainBoard\ArtixPower.SchDoc with 47nf_0402 from Capacitors.IntLib
Replace Part C51 47nf_0402 in E:\HardwareProjects\SpartanDemo\SpartanMainBoard\ArtixPower.SchDoc with 47nf_0402 from Capacitors.IntLib
Replace Part C52 47nf_0402 in E:\HardwareProjects\SpartanDemo\SpartanMainBoard\ArtixPower.SchDoc with 47nf_0402 from Capacitors.IntLib
Replace Part C53 47nf_0402 in E:\HardwareProjects\SpartanDemo\SpartanMainBoard\ArtixPower.SchDoc with 47nf_0402 from Capacitors.IntLib
Replace Part C54 47nf_0402 in E:\HardwareProjects\SpartanDemo\SpartanMainBoard\ArtixPower.SchDoc with 47nf_0402 from Capacitors.IntLib
Replace Part C55 47nf_0402 in E:\HardwareProjects\SpartanDemo\SpartanMainBoard\ArtixPower.SchDoc with 47nf_0402 from Capacitors.IntLib
Replace Part C56 47nf_0402 in E:\HardwareProjects\SpartanDemo\SpartanMainBoard\ArtixPower.SchDoc with 47nf_0402 from Capacitors.IntLib
Replace Part C57 47nf_0402 in E:\HardwareProjects\SpartanDemo\SpartanMainBoard\ArtixPower.SchDoc with 47nf_0402 from Capacitors.IntLib
Replace Part C58 47nf_0402 in E:\HardwareProjects\SpartanDemo\SpartanMainBoard\ArtixPower.SchDoc with 47nf_0402 from Capacitors.IntLib
Replace Part FB1 HZ0805E601R-10 in E:\HardwareProjects\SpartanDemo\SpartanMainBoard\ArtixPower.SchDoc with HZ0805E601R-10 from Inductors.IntLib
Replace Part FB2 HZ0805E601R-10 in E:\HardwareProjects\SpartanDemo\SpartanMainBoard\ArtixPower.SchDoc with HZ0805E601R-10 from Inductors.IntLib
Replace Part U1 XC7A12T_1CSG325I in E:\HardwareProjects\SpartanDemo\SpartanMainBoard\ArtixPower.SchDoc with XC7A12T_1CSG325I from XC7A12T_1CPG238I.IntLib
Replace Part U1 XC7A12T_1CSG325I in E:\HardwareProjects\SpartanDemo\SpartanMainBoard\ArtixPower.SchDoc with XC7A12T_1CSG325I from XC7A12T_1CPG238I.IntLib
