Removed Pin From Net: NetName=+3V3 Pin=C4-1
Removed Pin From Net: NetName=+3V1 Pin=C5-1
Removed Pin From Net: NetName=+1V8 Pin=C13-2
Removed Pin From Net: NetName=+1V0 Pin=C16-2
Removed Pin From Net: NetName=+3V3 Pin=C19-2
Removed Pin From Net: NetName=+3V3 Pin=J-6
Removed Pin From Net: NetName=+3V1 Pin=J-16
Removed Pin From Net: NetName=+1V8 Pin=U4-A1
Removed Pin From Net: NetName=+1V8 Pin=U4-A2
Removed Pin From Net: NetName=+1V8 Pin=U4-A3
Removed Pin From Net: NetName=+1V0 Pin=U4-C1
Removed Pin From Net: NetName=+1V0 Pin=U4-D1
Removed Pin From Net: NetName=+1V0 Pin=U4-D2
Removed Pin From Net: NetName=+3V3 Pin=U4-F1
Removed Pin From Net: NetName=+3V3 Pin=U4-G1
Removed Pin From Net: NetName=+3V3 Pin=U4-G2
Added Component: Designator=R59(RESC1508X06N)
Add component. Clean all parameters for all variants
Add component (AddParameter): Name = "Manufacturer 1"; Value = ""; VariantName = "[No Variations]"
Add component (AddParameter): Name = "Manufacturer Part Number 1"; Value = ""; VariantName = "[No Variations]"
Added Component: Designator=R60(RESC1508X06N)
Add component. Clean all parameters for all variants
Add component (AddParameter): Name = "Manufacturer 1"; Value = ""; VariantName = "[No Variations]"
Add component (AddParameter): Name = "Manufacturer Part Number 1"; Value = ""; VariantName = "[No Variations]"
Added Component: Designator=R61(RESC1508X06N)
Add component. Clean all parameters for all variants
Add component (AddParameter): Name = "Manufacturer 1"; Value = ""; VariantName = "[No Variations]"
Add component (AddParameter): Name = "Manufacturer Part Number 1"; Value = ""; VariantName = "[No Variations]"
Added Component: Designator=R62(RESC1508X06N)
Add component. Clean all parameters for all variants
Add component (AddParameter): Name = "Manufacturer 1"; Value = ""; VariantName = "[No Variations]"
Add component (AddParameter): Name = "Manufacturer Part Number 1"; Value = ""; VariantName = "[No Variations]"
Added Component: Designator=R63(RESC1508X06N)
Add component. Clean all parameters for all variants
Add component (AddParameter): Name = "Manufacturer 1"; Value = ""; VariantName = "[No Variations]"
Add component (AddParameter): Name = "Manufacturer Part Number 1"; Value = ""; VariantName = "[No Variations]"
Added Pin To Net: NetName=+1V8 Pin=R59-1
Added Pin To Net: NetName=+1V0 Pin=R60-1
Added Pin To Net: NetName=+3V3 Pin=R61-1
Added Pin To Net: NetName=+3V1 Pin=R62-2
Added Pin To Net: NetName=+3V3 Pin=R63-1
Change Net Name : Old Net Name=+3V1 New Net Name=NetC22_2
Added Pin To Net: NetName=+3V1 Pin=C5-1
Added Pin To Net: NetName=+3V1 Pin=J-16
Added Pin To Net: NetName=+3V1 Pin=R62-1
Added Net: Name=+3V1
Added Pin To Net: NetName=NetC4_1 Pin=C4-1
Added Pin To Net: NetName=NetC4_1 Pin=J-6
Added Pin To Net: NetName=NetC4_1 Pin=R63-2
Added Net: Name=NetC4_1
Added Pin To Net: NetName=NetC13_2 Pin=C13-2
Added Pin To Net: NetName=NetC13_2 Pin=R59-2
Added Pin To Net: NetName=NetC13_2 Pin=U4-A1
Added Pin To Net: NetName=NetC13_2 Pin=U4-A2
Added Pin To Net: NetName=NetC13_2 Pin=U4-A3
Added Net: Name=NetC13_2
Added Pin To Net: NetName=NetC16_2 Pin=C16-2
Added Pin To Net: NetName=NetC16_2 Pin=R60-2
Added Pin To Net: NetName=NetC16_2 Pin=U4-C1
Added Pin To Net: NetName=NetC16_2 Pin=U4-D1
Added Pin To Net: NetName=NetC16_2 Pin=U4-D2
Added Net: Name=NetC16_2
Added Pin To Net: NetName=NetC19_2 Pin=C19-2
Added Pin To Net: NetName=NetC19_2 Pin=R61-2
Added Pin To Net: NetName=NetC19_2 Pin=U4-F1
Added Pin To Net: NetName=NetC19_2 Pin=U4-G1
Added Pin To Net: NetName=NetC19_2 Pin=U4-G2
Added Net: Name=NetC19_2
Added Member To Class: ClassName=ArtixPower Member=Component C49 47nf
Added Member To Class: ClassName=Power Member=Component R59 0.01OHM
Added Member To Class: ClassName=Power Member=Component R60 0.01OHM
Added Member To Class: ClassName=Power Member=Component R61 0.01OHM
Added Member To Class: ClassName=Power Member=Component R62 0.01OHM
Added Member To Class: ClassName=ArtixBank14 Member=Component R63 0.01OHM
