Removed Pin From Net: NetName=SRAM_A11 Pin=U1-T3
Removed Pin From Net: NetName=SRAM_A4 Pin=U1-U1
Removed Pin From Net: NetName=SRAM_A5 Pin=U1-U2
Removed Pin From Net: NetName=SRAM_A13 Pin=U1-U4
Removed Pin From Net: NetName=SRAM_A16 Pin=U1-U5
Removed Pin From Net: NetName=SRAM_A14 Pin=U1-U6
Removed Pin From Net: NetName=SRAM_A7 Pin=U1-U7
Removed Pin From Net: NetName=SRAM_A9 Pin=U1-V2
Removed Pin From Net: NetName=SRAM_A8 Pin=U1-V3
Removed Pin From Net: NetName=SRAM_A15 Pin=U1-V4
Removed Pin From Net: NetName=SRAM_A12 Pin=U1-V6
Removed Pin From Net: NetName=SRAM_A6 Pin=U1-V7
Added Pin To Net: NetName=SRAM_A8 Pin=U1-T3
Added Pin To Net: NetName=SRAM_A9 Pin=U1-U1
Added Pin To Net: NetName=SRAM_A11 Pin=U1-U2
Added Pin To Net: NetName=SRAM_A16 Pin=U1-U4
Added Pin To Net: NetName=SRAM_A12 Pin=U1-U5
Added Pin To Net: NetName=SRAM_A7 Pin=U1-U6
Added Pin To Net: NetName=SRAM_A5 Pin=U1-U7
Added Pin To Net: NetName=SRAM_A13 Pin=U1-V2
Added Pin To Net: NetName=SRAM_A15 Pin=U1-V3
Added Pin To Net: NetName=SRAM_A14 Pin=U1-V4
Added Pin To Net: NetName=SRAM_A6 Pin=U1-V6
Added Pin To Net: NetName=SRAM_A4 Pin=U1-V7
