Removed Member From Class: ClassName=ArtixBank14 Member=C?
Removed Member From Class: ClassName=ArtixPower Member=C?
Removed Member From Class: ClassName=Power Member=C?
Removed Member From Class: ClassName=ArtixBank14 Member=R?
Removed Member From Class: ClassName=Power Member=R?
Removed Member From Class: ClassName=Power Member=U?
Change Component Designator: OldDesignator=C? NewDesignator=C3
Change Component Designator: OldDesignator=C? NewDesignator=C4
Change Component Designator: OldDesignator=C? NewDesignator=C5
Change Component Designator: OldDesignator=C? NewDesignator=C6
Change Component Designator: OldDesignator=C? NewDesignator=C7
Change Component Designator: OldDesignator=C? NewDesignator=C8
Change Component Designator: OldDesignator=C? NewDesignator=C9
Change Component Designator: OldDesignator=C? NewDesignator=C10
Change Component Designator: OldDesignator=C? NewDesignator=C11
Change Component Designator: OldDesignator=C? NewDesignator=C12
Change Component Designator: OldDesignator=C? NewDesignator=C13
Change Component Designator: OldDesignator=C? NewDesignator=C14
Change Component Designator: OldDesignator=C? NewDesignator=C15
Change Component Designator: OldDesignator=C? NewDesignator=C16
Change Component Designator: OldDesignator=C? NewDesignator=C17
Change Component Designator: OldDesignator=C? NewDesignator=C18
Change Component Designator: OldDesignator=C? NewDesignator=C19
Change Component Designator: OldDesignator=C? NewDesignator=C20
Change Component Designator: OldDesignator=C? NewDesignator=C21
Change Component Designator: OldDesignator=C? NewDesignator=C22
Change Component Designator: OldDesignator=C? NewDesignator=C23
Change Component Designator: OldDesignator=D? NewDesignator=D2
Change Component Designator: OldDesignator=R? NewDesignator=R2
Change Component Designator: OldDesignator=R? NewDesignator=R3
Change Component Designator: OldDesignator=R? NewDesignator=R24
Change Component Designator: OldDesignator=R? NewDesignator=R28
Change Component Designator: OldDesignator=R? NewDesignator=R29
Change Component Designator: OldDesignator=R? NewDesignator=R30
Change Component Designator: OldDesignator=R? NewDesignator=R31
Change Component Designator: OldDesignator=R? NewDesignator=R32
Change Component Designator: OldDesignator=R? NewDesignator=R33
Change Component Designator: OldDesignator=R? NewDesignator=R34
Change Component Designator: OldDesignator=U? NewDesignator=U2
Change Component Designator: OldDesignator=U? NewDesignator=U4
Change Component Designator: OldDesignator=X? NewDesignator=X1
Change Net Name : Old Net Name=NetC?_1 New Net Name=NetC7_1
Change Net Name : Old Net Name=NetC?_2 New Net Name=NetC7_2
Change Net Name : Old Net Name=NetR?_2 New Net Name=NetR29_2
Added Pin To Net: NetName=NetC14_2 Pin=C14-2
Added Pin To Net: NetName=NetC14_2 Pin=U4-A6
Added Net: Name=NetC14_2
Added Pin To Net: NetName=NetC17_2 Pin=C17-2
Added Pin To Net: NetName=NetC17_2 Pin=U4-D6
Added Net: Name=NetC17_2
Added Pin To Net: NetName=NetC20_2 Pin=C20-2
Added Pin To Net: NetName=NetC20_2 Pin=U4-G6
Added Net: Name=NetC20_2
Added Pin To Net: NetName=NetC23_2 Pin=C23-2
Added Pin To Net: NetName=NetC23_2 Pin=U4-K6
Added Net: Name=NetC23_2
Added Pin To Net: NetName=NetR30_2 Pin=R30-2
Added Pin To Net: NetName=NetR30_2 Pin=U4-D7
Added Net: Name=NetR30_2
Added Pin To Net: NetName=NetR31_2 Pin=R31-2
Added Pin To Net: NetName=NetR31_2 Pin=U4-G7
Added Net: Name=NetR31_2
Added Pin To Net: NetName=NetR32_2 Pin=R32-2
Added Pin To Net: NetName=NetR32_2 Pin=U4-J7
Added Net: Name=NetR32_2
Added Member To Class: ClassName=ArtixBank14 Member=Component C3 100nf
Added Member To Class: ClassName=ArtixBank14 Member=Component C4 1uf
Added Member To Class: ClassName=ArtixBank14 Member=Component C5 1uf
Added Member To Class: ClassName=ArtixBank14 Member=Component C6 1uf
Added Member To Class: ClassName=ArtixPower Member=Component C8 100uf
Added Member To Class: ClassName=ArtixPower Member=Component C9 4.7uf
Added Member To Class: ClassName=ArtixPower Member=Component C10 0.47uf
Added Member To Class: ClassName=ArtixPower Member=Component C11 0.47uf
Added Member To Class: ClassName=Power Member=Component C12 10uf
Added Member To Class: ClassName=Power Member=Component C13 47uf
Added Member To Class: ClassName=Power Member=Component C14 100nf
Added Member To Class: ClassName=Power Member=Component C15 10uf
Added Member To Class: ClassName=Power Member=Component C16 47uf
Added Member To Class: ClassName=Power Member=Component C17 100nf
Added Member To Class: ClassName=Power Member=Component C18 10uf
Added Member To Class: ClassName=Power Member=Component C19 47uf
Added Member To Class: ClassName=Power Member=Component C20 100nf
Added Member To Class: ClassName=Power Member=Component C21 10uf
Added Member To Class: ClassName=Power Member=Component C22 47uf
Added Member To Class: ClassName=Power Member=Component C23 100nf
Added Member To Class: ClassName=ArtixBank14 Member=Component R2 10K
Added Member To Class: ClassName=ArtixBank14 Member=Component R3 10K
Added Member To Class: ClassName=ArtixConfig Member=Component R24 22OHM
Added Member To Class: ClassName=Power Member=Component R29 30.1K
Added Member To Class: ClassName=Power Member=Component R30 90.9K
Added Member To Class: ClassName=Power Member=Component R31 13.3K
Added Member To Class: ClassName=Power Member=Component R32 14.5K
Added Member To Class: ClassName=Power Member=Component R33 100K
Added Member To Class: ClassName=Power Member=Component R34 100K
Added Member To Class: ClassName=Power Member=Component U4 LTM4643
