Removed Pin From Net: NetName=+3V3 Pin=R2-1
Removed Pin From Net: NetName=GND Pin=R3-2
Removed Pin From Net: NetName=SRAM_A16 Pin=U1-A12
Removed Pin From Net: NetName=SRAM_A12 Pin=U1-A13
Removed Pin From Net: NetName=SRAM_A7 Pin=U1-A14
Removed Pin From Net: NetName=SRAM_A5 Pin=U1-A15
Removed Pin From Net: NetName=SRAM_WE Pin=U1-B10
Removed Pin From Net: NetName=SRAM_A14 Pin=U1-B12
Removed Pin From Net: NetName=SRAM_A6 Pin=U1-B14
Removed Pin From Net: NetName=SRAM_A4 Pin=U1-B15
Removed Pin From Net: NetName=SRAM_OE Pin=U1-B16
Removed Pin From Net: NetName=SRAM_C\S\1\ Pin=U1-C16
Removed Pin From Net: NetName=SRAM_A11 Pin=U2-1
Removed Pin From Net: NetName=SRAM_A9 Pin=U2-2
Removed Pin From Net: NetName=SRAM_A8 Pin=U2-3
Removed Pin From Net: NetName=SRAM_A13 Pin=U2-4
Removed Pin From Net: NetName=SRAM_WE Pin=U2-5
Removed Pin From Net: NetName=SRAM_A15 Pin=U2-7
Removed Pin From Net: NetName=+3V3 Pin=U2-8
Removed Pin From Net: NetName=SRAM_A16 Pin=U2-10
Removed Pin From Net: NetName=SRAM_A14 Pin=U2-11
Removed Pin From Net: NetName=SRAM_A12 Pin=U2-12
Removed Pin From Net: NetName=SRAM_A7 Pin=U2-13
Removed Pin From Net: NetName=SRAM_A6 Pin=U2-14
Removed Pin From Net: NetName=SRAM_A5 Pin=U2-15
Removed Pin From Net: NetName=SRAM_A4 Pin=U2-16
Removed Pin From Net: NetName=SRAM_A3 Pin=U2-17
Removed Pin From Net: NetName=SRAM_A2 Pin=U2-18
Removed Pin From Net: NetName=SRAM_A1 Pin=U2-19
Removed Pin From Net: NetName=SRAM_A0 Pin=U2-20
Removed Pin From Net: NetName=SRAM_DQ0 Pin=U2-21
Removed Pin From Net: NetName=SRAM_DQ1 Pin=U2-22
Removed Pin From Net: NetName=SRAM_DQ2 Pin=U2-23
Removed Pin From Net: NetName=GND Pin=U2-24
Removed Pin From Net: NetName=SRAM_DQ3 Pin=U2-25
Removed Pin From Net: NetName=SRAM_DQ4 Pin=U2-26
Removed Pin From Net: NetName=SRAM_DQ5 Pin=U2-27
Removed Pin From Net: NetName=SRAM_DQ6 Pin=U2-28
Removed Pin From Net: NetName=SRAM_DQ7 Pin=U2-29
Removed Pin From Net: NetName=SRAM_C\S\1\ Pin=U2-30
Removed Pin From Net: NetName=SRAM_A10 Pin=U2-31
Removed Pin From Net: NetName=SRAM_OE Pin=U2-32
Removed Member From Class: ClassName=ArtixBank15 Member=R2
Removed Member From Class: ClassName=ArtixBank15 Member=R3
Removed Member From Class: ClassName=ArtixBank15 Member=U2
Added Component: Designator=U(SOIC50P1340X125-32N)
Add component. Clean all parameters for all variants
Add component (AddParameter): Name = "Digi-Key_Part_Number"; Value = "IS62WV5128BLL-55HLI-TR-ND"; VariantName = "[No Variations]"
Add component (AddParameter): Name = "MF"; Value = "ISSI, Integrated"; VariantName = "[No Variations]"
Add component (AddParameter): Name = "MP"; Value = "IS62WV5128BLL-55HLI"; VariantName = "[No Variations]"
Add component (AddParameter): Name = "Package"; Value = "LFSOP-32 ISSI"; VariantName = "[No Variations]"
Add component (AddParameter): Name = "SnapEDA_Link"; Value = "https://www.snapeda.com/parts/IS62WV5128BLL-55HLI/ISSI,%20Integrated%20Silicon%20Solution%20Inc/view-part/33690/?ref=snap"; VariantName = "[No Variations]"
Add component (AddParameter): Name = "Value"; Value = ""; VariantName = "[No Variations]"
Added Pin To Net: NetName=SRAM_A14 Pin=U1-A13
Added Pin To Net: NetName=SRAM_A12 Pin=U1-A14
Added Pin To Net: NetName=SRAM_A6 Pin=U1-A15
Added Pin To Net: NetName=SRAM_A16 Pin=U1-B12
Added Pin To Net: NetName=SRAM_A7 Pin=U1-B14
Added Pin To Net: NetName=SRAM_A5 Pin=U1-B15
Added Pin To Net: NetName=SRAM_A4 Pin=U1-B16
Added Pin To Net: NetName=SRAM_C\S\1\ Pin=U1-C8
Added Pin To Net: NetName=SRAM_OE Pin=U1-C16
Added Pin To Net: NetName=SRAM_WE Pin=U1-D8
Added Pin To Net: NetName=SRAM_A11 Pin=U-1
Added Pin To Net: NetName=SRAM_A9 Pin=U-2
Added Pin To Net: NetName=SRAM_A8 Pin=U-3
Added Pin To Net: NetName=SRAM_A13 Pin=U-4
Added Pin To Net: NetName=SRAM_WE Pin=U-5
Added Pin To Net: NetName=SRAM_A15 Pin=U-7
Added Pin To Net: NetName=+3V3 Pin=U-8
Added Pin To Net: NetName=SRAM_A16 Pin=U-10
Added Pin To Net: NetName=SRAM_A14 Pin=U-11
Added Pin To Net: NetName=SRAM_A12 Pin=U-12
Added Pin To Net: NetName=SRAM_A7 Pin=U-13
Added Pin To Net: NetName=SRAM_A6 Pin=U-14
Added Pin To Net: NetName=SRAM_A5 Pin=U-15
Added Pin To Net: NetName=SRAM_A4 Pin=U-16
Added Pin To Net: NetName=SRAM_A3 Pin=U-17
Added Pin To Net: NetName=SRAM_A2 Pin=U-18
Added Pin To Net: NetName=SRAM_A1 Pin=U-19
Added Pin To Net: NetName=SRAM_A0 Pin=U-20
Added Pin To Net: NetName=SRAM_DQ0 Pin=U-21
Added Pin To Net: NetName=SRAM_DQ1 Pin=U-22
Added Pin To Net: NetName=SRAM_DQ2 Pin=U-23
Added Pin To Net: NetName=GND Pin=U-24
Added Pin To Net: NetName=SRAM_DQ3 Pin=U-25
Added Pin To Net: NetName=SRAM_DQ4 Pin=U-26
Added Pin To Net: NetName=SRAM_DQ5 Pin=U-27
Added Pin To Net: NetName=SRAM_DQ6 Pin=U-28
Added Pin To Net: NetName=SRAM_DQ7 Pin=U-29
Added Pin To Net: NetName=SRAM_C\S\1\ Pin=U-30
Added Pin To Net: NetName=SRAM_A10 Pin=U-31
Added Pin To Net: NetName=SRAM_OE Pin=U-32
Added Pin To Net: NetName=SRAM_A17 Pin=U1-A12
Added Pin To Net: NetName=SRAM_A17 Pin=U-9
Added Net: Name=SRAM_A17
Added Pin To Net: NetName=SRAM_A18 Pin=U1-B10
Added Pin To Net: NetName=SRAM_A18 Pin=U-6
Added Net: Name=SRAM_A18
Added Member To Class: ClassName=ArtixBank15 Member=Component U IS62WV5128BLL-55HLI
