Removed Pin From Net: NetName=Reset_B Pin=R24-2
Removed Member From Class: ClassName=ArtixConfig Member=R24
Added Component: Designator=C?(0402Footprint)
Add component. Clean all parameters for all variants
Add component (AddParameter): Name = "Manufacturer 1"; Value = ""; VariantName = "[No Variations]"
Add component (AddParameter): Name = "Manufacturer Part Number 1"; Value = ""; VariantName = "[No Variations]"
Added Component: Designator=C?(0402Footprint)
Add component. Clean all parameters for all variants
Add component (AddParameter): Name = "Manufacturer 1"; Value = ""; VariantName = "[No Variations]"
Add component (AddParameter): Name = "Manufacturer Part Number 1"; Value = ""; VariantName = "[No Variations]"
Added Component: Designator=C?(0402Footprint)
Add component. Clean all parameters for all variants
Add component (AddParameter): Name = "Manufacturer 1"; Value = ""; VariantName = "[No Variations]"
Add component (AddParameter): Name = "Manufacturer Part Number 1"; Value = ""; VariantName = "[No Variations]"
Added Component: Designator=C?(0402Footprint)
Add component. Clean all parameters for all variants
Add component (AddParameter): Name = "Manufacturer 1"; Value = ""; VariantName = "[No Variations]"
Add component (AddParameter): Name = "Manufacturer Part Number 1"; Value = ""; VariantName = "[No Variations]"
Added Component: Designator=C?(0402Footprint)
Add component. Clean all parameters for all variants
Add component (AddParameter): Name = "Manufacturer 1"; Value = ""; VariantName = "[No Variations]"
Add component (AddParameter): Name = "Manufacturer Part Number 1"; Value = ""; VariantName = "[No Variations]"
Added Component: Designator=D?(SODFL160X70-2L)
Add component. Clean all parameters for all variants
Added Component: Designator=J(TE_3-1734592-7)
Add component. Clean all parameters for all variants
Add component (AddParameter): Name = "Availability"; Value = "Unavailable"; VariantName = "[No Variations]"
Add component (AddParameter): Name = "DigiKey-Purchase-URL"; Value = "https://snapeda.com/shop?store=DigiKey&id=4788466"; VariantName = "[No Variations]"
Add component (AddParameter): Name = "MF"; Value = "TE Connectivity"; VariantName = "[No Variations]"
Add component (AddParameter): Name = "MP"; Value = "3-1734592-7"; VariantName = "[No Variations]"
Add component (AddParameter): Name = "Package"; Value = "None"; VariantName = "[No Variations]"
Add component (AddParameter): Name = "Price"; Value = "None"; VariantName = "[No Variations]"
Add component (AddParameter): Name = "SnapEDA_Link"; Value = "https://www.snapeda.com/parts/3-1734592-7/TE%20Connectivity/view-part/4788466/?ref=snap"; VariantName = "[No Variations]"
Add component (AddParameter): Name = "Value"; Value = ""; VariantName = "[No Variations]"
Added Component: Designator=R?(RES_CRCW_0402)
Add component. Clean all parameters for all variants
Add component (AddParameter): Name = "Manufacturer 1"; Value = ""; VariantName = "[No Variations]"
Add component (AddParameter): Name = "Manufacturer Part Number 1"; Value = ""; VariantName = "[No Variations]"
Add component (AddParameter): Name = "Tolerance"; Value = "1%"; VariantName = "[No Variations]"
Added Component: Designator=R?(RES_CRCW_0402)
Add component. Clean all parameters for all variants
Add component (AddParameter): Name = "Manufacturer 1"; Value = ""; VariantName = "[No Variations]"
Add component (AddParameter): Name = "Manufacturer Part Number 1"; Value = ""; VariantName = "[No Variations]"
Add component (AddParameter): Name = "Tolerance"; Value = "1%"; VariantName = "[No Variations]"
Added Component: Designator=R?(RES_CRCW_0402)
Add component. Clean all parameters for all variants
Add component (AddParameter): Name = "Manufacturer 1"; Value = ""; VariantName = "[No Variations]"
Add component (AddParameter): Name = "Manufacturer Part Number 1"; Value = "CRCW040210K0FKED"; VariantName = "[No Variations]"
Add component (AddParameter): Name = "Tolerance"; Value = "1%"; VariantName = "[No Variations]"
Added Component: Designator=R?(RES_CRCW_0402)
Add component. Clean all parameters for all variants
Add component (AddParameter): Name = "Manufacturer 1"; Value = ""; VariantName = "[No Variations]"
Add component (AddParameter): Name = "Manufacturer Part Number 1"; Value = "CRCW040210K0FKED"; VariantName = "[No Variations]"
Add component (AddParameter): Name = "Tolerance"; Value = "1%"; VariantName = "[No Variations]"
Added Pin To Net: NetName=+3V3 Pin=C?-1
Added Pin To Net: NetName=+3V3 Pin=C?-1
Added Pin To Net: NetName=+3V3 Pin=C?-1
Added Pin To Net: NetName=+3V3 Pin=C?-1
Added Pin To Net: NetName=GND Pin=C?-2
Added Pin To Net: NetName=GND Pin=C?-2
Added Pin To Net: NetName=GND Pin=C?-2
Added Pin To Net: NetName=GND Pin=C?-2
Added Pin To Net: NetName=GND Pin=D?-A
Added Pin To Net: NetName=GND Pin=J-5
Added Pin To Net: NetName=+3V3 Pin=J-6
Added Pin To Net: NetName=+3V3 Pin=J-16
Added Pin To Net: NetName=GND Pin=J-17
Added Pin To Net: NetName=GND Pin=J-18
Added Pin To Net: NetName=GND Pin=J-19
Added Pin To Net: NetName=GND Pin=J-20
Added Pin To Net: NetName=+3V3 Pin=J-32
Added Pin To Net: NetName=+3V3 Pin=J-33
Added Pin To Net: NetName=GND Pin=J-34
Added Pin To Net: NetName=GND Pin=J-S1
Added Pin To Net: NetName=GND Pin=J-S2
Added Pin To Net: NetName=+3V3 Pin=R?-1
Added Pin To Net: NetName=+3V3 Pin=R?-1
Added Pin To Net: NetName=GND Pin=R?-1
Added Pin To Net: NetName=Reset_B Pin=R?-2
Added Pin To Net: NetName=GND Pin=SW1-3
Change Net Name : Old Net Name=+3V3 New Net Name=LCD_LEDA
Added Pin To Net: NetName=FLASH_C\S\ Pin=R?-2
Added Pin To Net: NetName=FLASH_C\S\ Pin=U1-V12
Added Net: Name=FLASH_C\S\
Added Pin To Net: NetName=FLASH_CLK Pin=U1-V14
Added Net: Name=FLASH_CLK
Added Pin To Net: NetName=FLASH_DQ0 Pin=U1-U14
Added Net: Name=FLASH_DQ0
Added Pin To Net: NetName=FLASH_DQ1 Pin=U1-U11
Added Net: Name=FLASH_DQ1
Added Pin To Net: NetName=FLASH_DQ2 Pin=U1-U15
Added Net: Name=FLASH_DQ2
Added Pin To Net: NetName=FLASH_DQ3 Pin=U1-V13
Added Net: Name=FLASH_DQ3
Added Pin To Net: NetName=FLASH_R\S\T\ Pin=R?-2
Added Pin To Net: NetName=FLASH_R\S\T\ Pin=U1-U12
Added Net: Name=FLASH_R\S\T\
Added Pin To Net: NetName=LCD_CS Pin=J-7
Added Pin To Net: NetName=LCD_CS Pin=U1-M17
Added Net: Name=LCD_CS
Added Pin To Net: NetName=LCD_DB1 Pin=J-1
Added Pin To Net: NetName=LCD_DB1 Pin=U1-J14
Added Net: Name=LCD_DB1
Added Pin To Net: NetName=LCD_DB2 Pin=J-2
Added Pin To Net: NetName=LCD_DB2 Pin=U1-K15
Added Net: Name=LCD_DB2
Added Pin To Net: NetName=LCD_DB3 Pin=J-3
Added Pin To Net: NetName=LCD_DB3 Pin=U1-L14
Added Net: Name=LCD_DB3
Added Pin To Net: NetName=LCD_DB4 Pin=J-4
Added Pin To Net: NetName=LCD_DB4 Pin=U1-M16
Added Net: Name=LCD_DB4
Added Pin To Net: NetName=LCD_DB5 Pin=J-22
Added Pin To Net: NetName=LCD_DB5 Pin=U1-M15
Added Net: Name=LCD_DB5
Added Pin To Net: NetName=LCD_DB6 Pin=J-35
Added Pin To Net: NetName=LCD_DB6 Pin=U1-T14
Added Net: Name=LCD_DB6
Added Pin To Net: NetName=LCD_DB7 Pin=J-36
Added Pin To Net: NetName=LCD_DB7 Pin=U1-T13
Added Net: Name=LCD_DB7
Added Pin To Net: NetName=LCD_DB8 Pin=J-37
Added Pin To Net: NetName=LCD_DB8 Pin=U1-R13
Added Net: Name=LCD_DB8
Added Pin To Net: NetName=LCD_DB10 Pin=J-23
Added Pin To Net: NetName=LCD_DB10 Pin=U1-N16
Added Net: Name=LCD_DB10
Added Pin To Net: NetName=LCD_DB11 Pin=J-24
Added Pin To Net: NetName=LCD_DB11 Pin=U1-N14
Added Net: Name=LCD_DB11
Added Pin To Net: NetName=LCD_DB12 Pin=J-25
Added Pin To Net: NetName=LCD_DB12 Pin=U1-P16
Added Net: Name=LCD_DB12
Added Pin To Net: NetName=LCD_DB13 Pin=J-26
Added Pin To Net: NetName=LCD_DB13 Pin=U1-P15
Added Net: Name=LCD_DB13
Added Pin To Net: NetName=LCD_DB14 Pin=J-27
Added Pin To Net: NetName=LCD_DB14 Pin=U1-R16
Added Net: Name=LCD_DB14
Added Pin To Net: NetName=LCD_DB15 Pin=J-28
Added Pin To Net: NetName=LCD_DB15 Pin=U1-R15
Added Net: Name=LCD_DB15
Added Pin To Net: NetName=LCD_DB16 Pin=J-29
Added Pin To Net: NetName=LCD_DB16 Pin=U1-P14
Added Net: Name=LCD_DB16
Added Pin To Net: NetName=LCD_DB17 Pin=J-30
Added Pin To Net: NetName=LCD_DB17 Pin=U1-M14
Added Net: Name=LCD_DB17
Added Pin To Net: NetName=LCD_IM0 Pin=J-11
Added Pin To Net: NetName=LCD_IM0 Pin=U1-R18
Added Net: Name=LCD_IM0
Added Pin To Net: NetName=LCD_RD Pin=J-10
Added Pin To Net: NetName=LCD_RD Pin=U1-P18
Added Net: Name=LCD_RD
Added Pin To Net: NetName=LCD_RS Pin=J-8
Added Pin To Net: NetName=LCD_RS Pin=U1-N18
Added Net: Name=LCD_RS
Added Pin To Net: NetName=LCD_RST Pin=J-31
Added Pin To Net: NetName=LCD_RST Pin=U1-R17
Added Net: Name=LCD_RST
Added Pin To Net: NetName=LCD_WR Pin=J-9
Added Pin To Net: NetName=LCD_WR Pin=U1-N17
Added Net: Name=LCD_WR
Added Pin To Net: NetName=NetC?_1 Pin=C?-1
Added Pin To Net: NetName=NetC?_1 Pin=R?-2
Added Net: Name=NetC?_1
Added Pin To Net: NetName=NetC?_2 Pin=C?-2
Added Pin To Net: NetName=NetC?_2 Pin=D?-C
Added Pin To Net: NetName=NetC?_2 Pin=R?-1
Added Pin To Net: NetName=NetC?_2 Pin=SW1-1
Added Pin To Net: NetName=NetC?_2 Pin=SW1-2
Added Net: Name=NetC?_2
Added Class: Name=ArtixBank14
Added Member To Class: ClassName=ArtixConfig Member=Component C? 100nf
Added Member To Class: ClassName=ArtixConfig Member=Component D? UCLAMP3301H.TCT
Added Member To Class: ClassName=ArtixConfig Member=Component R? 22OHM
Added Member To Class: ClassName=ArtixConfig Member=Component R? 22OHM
