Removed Pin From Net: NetName=+3V3 Pin=C?-1
Removed Pin From Net: NetName=GND Pin=C?-1
Removed Pin From Net: NetName=GND Pin=C?-1
Removed Pin From Net: NetName=GND Pin=C?-1
Removed Pin From Net: NetName=GND Pin=C?-1
Removed Pin From Net: NetName=+3V3 Pin=J-16
Removed Pin From Net: NetName=GND Pin=U?-A2
Removed Pin From Net: NetName=GND Pin=U?-A3
Removed Pin From Net: NetName=GND Pin=U?-A5
Removed Pin From Net: NetName=GND Pin=U?-A6
Removed Pin From Net: NetName=GND Pin=U?-B2
Removed Pin From Net: NetName=GND Pin=U?-B3
Removed Pin From Net: NetName=GND Pin=U?-B5
Removed Pin From Net: NetName=GND Pin=U?-B6
Removed Pin From Net: NetName=GND Pin=U?-C2
Removed Pin From Net: NetName=GND Pin=U?-C6
Removed Pin From Net: NetName=GND Pin=U?-D1
Removed Pin From Net: NetName=GND Pin=U?-D2
Removed Pin From Net: NetName=GND Pin=U?-D3
Removed Pin From Net: NetName=GND Pin=U?-D4
Removed Pin From Net: NetName=GND Pin=U?-D5
Removed Pin From Net: NetName=GND Pin=U?-D6
Removed Pin From Net: NetName=GND Pin=U?-D7
Removed Pin From Net: NetName=GND Pin=U?-E2
Removed Pin From Net: NetName=GND Pin=U?-E6
Removed Pin From Net: NetName=GND Pin=U?-F2
Removed Pin From Net: NetName=GND Pin=U?-F3
Removed Pin From Net: NetName=GND Pin=U?-F5
Removed Pin From Net: NetName=GND Pin=U?-F6
Removed Pin From Net: NetName=GND Pin=U?-G2
Removed Pin From Net: NetName=GND Pin=U?-G3
Removed Pin From Net: NetName=GND Pin=U?-G5
Removed Pin From Net: NetName=GND Pin=U?-G6
Change Component Footprint: Designator=C? Old Footprint=1210 New Footprint=0402Footprint
Change Component Footprint: Designator=C? Old Footprint=1210 New Footprint=1206
Change Component Footprint: Designator=U? Old Footprint=BGA49C80P7X7_625X625X210 New Footprint=LTM4643 15X9X2.42 05-08-1908
Change Component Comment : Designator=C? Old Comment=47uf 16V New Comment=4.7uf
Change Component Comment : Designator=C? Old Comment=47uf 16V New Comment=100uf
Change Component Comment : Designator=U? Old Comment=LTM4668EY New Comment=LTM4643
Added Component: Designator=X?(SIT8008AI-12-33E-100.000000E)
Add component. Clean all parameters for all variants
Added Pin To Net: NetName=+3V1 Pin=C?-1
Added Pin To Net: NetName=+3V1 Pin=J-16
Added Net: Name=+3V1
Added Pin To Net: NetName=100MHZCLK Pin=U1-T15
Added Pin To Net: NetName=100MHZCLK Pin=X?-3
Added Net: Name=100MHZCLK
Added Member To Class: ClassName=ArtixBank14 Member=Component C? 1uf
Added Member To Class: ClassName=ArtixBank14 Member=Component C? 1uf
Added Member To Class: ClassName=ArtixBank14 Member=Component C? 100nf
Added Member To Class: ClassName=ArtixPower Member=Component C? 100uf
Added Member To Class: ClassName=ArtixPower Member=Component C? 4.7uf
Added Member To Class: ClassName=ArtixBank14 Member=Component R? 10K
Added Member To Class: ClassName=ArtixConfig Member=Component R? 22OHM
Added Member To Class: ClassName=ArtixBank14 Member=Component X? 100MHZ
