Removed Pin From Net: NetName=+1V8 Pin=C1-1
Removed Pin From Net: NetName=GND Pin=C1-2
Removed Pin From Net: NetName=+1V8 Pin=R1-1
Removed Pin From Net: NetName=SRAM_C\S\1\ Pin=R1-2
Removed Pin From Net: NetName=+1V8 Pin=R2-1
Removed Pin From Net: NetName=GND Pin=R3-2
Removed Pin From Net: NetName=SRAM_A10 Pin=U1-J4
Removed Pin From Net: NetName=SRAM_DQ6 Pin=U1-K1
Removed Pin From Net: NetName=SRAM_DQ7 Pin=U1-K2
Removed Pin From Net: NetName=SRAM_DQ5 Pin=U1-K3
Removed Pin From Net: NetName=SRAM_DQ4 Pin=U1-L2
Removed Pin From Net: NetName=SRAM_DQ3 Pin=U1-M1
Removed Pin From Net: NetName=SRAM_DQ2 Pin=U1-M2
Removed Pin From Net: NetName=SRAM_DQ1 Pin=U1-N1
Removed Pin From Net: NetName=SRAM_DQ0 Pin=U1-N2
Removed Pin From Net: NetName=SRAM_A0 Pin=U1-P1
Removed Pin From Net: NetName=SRAM_A1 Pin=U1-R1
Removed Pin From Net: NetName=SRAM_A2 Pin=U1-R2
Removed Pin From Net: NetName=SRAM_OE Pin=U1-R7
Removed Pin From Net: NetName=SRAM_A3 Pin=U1-T2
Removed Pin From Net: NetName=SRAM_A8 Pin=U1-T3
Removed Pin From Net: NetName=SRAM_WE Pin=U1-T7
Removed Pin From Net: NetName=SRAM_A9 Pin=U1-U1
Removed Pin From Net: NetName=SRAM_A11 Pin=U1-U2
Removed Pin From Net: NetName=SRAM_A16 Pin=U1-U4
Removed Pin From Net: NetName=SRAM_A12 Pin=U1-U5
Removed Pin From Net: NetName=SRAM_A7 Pin=U1-U6
Removed Pin From Net: NetName=SRAM_A5 Pin=U1-U7
Removed Pin From Net: NetName=SRAM_A13 Pin=U1-V2
Removed Pin From Net: NetName=SRAM_A15 Pin=U1-V3
Removed Pin From Net: NetName=SRAM_A14 Pin=U1-V4
Removed Pin From Net: NetName=SRAM_A6 Pin=U1-V6
Removed Pin From Net: NetName=SRAM_A4 Pin=U1-V7
Removed Pin From Net: NetName=SRAM_C\S\1\ Pin=U1-V8
Removed Pin From Net: NetName=SRAM_A11 Pin=U2-1
Removed Pin From Net: NetName=SRAM_A9 Pin=U2-2
Removed Pin From Net: NetName=SRAM_A8 Pin=U2-3
Removed Pin From Net: NetName=SRAM_A13 Pin=U2-4
Removed Pin From Net: NetName=SRAM_WE Pin=U2-5
Removed Pin From Net: NetName=SRAM_A15 Pin=U2-7
Removed Pin From Net: NetName=+1V8 Pin=U2-8
Removed Pin From Net: NetName=SRAM_A16 Pin=U2-10
Removed Pin From Net: NetName=SRAM_A14 Pin=U2-11
Removed Pin From Net: NetName=SRAM_A12 Pin=U2-12
Removed Pin From Net: NetName=SRAM_A7 Pin=U2-13
Removed Pin From Net: NetName=SRAM_A6 Pin=U2-14
Removed Pin From Net: NetName=SRAM_A5 Pin=U2-15
Removed Pin From Net: NetName=SRAM_A4 Pin=U2-16
Removed Pin From Net: NetName=SRAM_A3 Pin=U2-17
Removed Pin From Net: NetName=SRAM_A2 Pin=U2-18
Removed Pin From Net: NetName=SRAM_A1 Pin=U2-19
Removed Pin From Net: NetName=SRAM_A0 Pin=U2-20
Removed Pin From Net: NetName=SRAM_DQ0 Pin=U2-21
Removed Pin From Net: NetName=SRAM_DQ1 Pin=U2-22
Removed Pin From Net: NetName=SRAM_DQ2 Pin=U2-23
Removed Pin From Net: NetName=GND Pin=U2-24
Removed Pin From Net: NetName=SRAM_DQ3 Pin=U2-25
Removed Pin From Net: NetName=SRAM_DQ4 Pin=U2-26
Removed Pin From Net: NetName=SRAM_DQ5 Pin=U2-27
Removed Pin From Net: NetName=SRAM_DQ6 Pin=U2-28
Removed Pin From Net: NetName=SRAM_DQ7 Pin=U2-29
Removed Pin From Net: NetName=SRAM_C\S\1\ Pin=U2-30
Removed Pin From Net: NetName=SRAM_A10 Pin=U2-31
Removed Pin From Net: NetName=SRAM_OE Pin=U2-32
Added Component: Designator=C?(0402Footprint)
Add component. Clean all parameters for all variants
Add component (AddParameter): Name = "Manufacturer 1"; Value = ""; VariantName = "[No Variations]"
Add component (AddParameter): Name = "Manufacturer Part Number 1"; Value = ""; VariantName = "[No Variations]"
Added Component: Designator=C?(0402Footprint)
Add component. Clean all parameters for all variants
Add component (AddParameter): Name = "Manufacturer 1"; Value = ""; VariantName = "[No Variations]"
Add component (AddParameter): Name = "Manufacturer Part Number 1"; Value = ""; VariantName = "[No Variations]"
Added Component: Designator=D?(0603)
Add component. Clean all parameters for all variants
Add component (AddParameter): Name = "Availability"; Value = "Unavailable"; VariantName = "[No Variations]"
Add component (AddParameter): Name = "Manufacturer"; Value = "Lite-On Inc."; VariantName = "[No Variations]"
Add component (AddParameter): Name = "Manufacturer Part Number 1"; Value = "LTST-C190GKT"; VariantName = "[No Variations]"
Add component (AddParameter): Name = "Package"; Value = "0603 Lite-On"; VariantName = "[No Variations]"
Added Component: Designator=R?(RES_CRCW_0402)
Add component. Clean all parameters for all variants
Add component (AddParameter): Name = "Manufacturer 1"; Value = ""; VariantName = "[No Variations]"
Add component (AddParameter): Name = "Manufacturer Part Number 1"; Value = ""; VariantName = "[No Variations]"
Add component (AddParameter): Name = "Tolerance"; Value = "1%"; VariantName = "[No Variations]"
Added Component: Designator=R?(RES_CRCW_0402)
Add component. Clean all parameters for all variants
Add component (AddParameter): Name = "Manufacturer 1"; Value = ""; VariantName = "[No Variations]"
Add component (AddParameter): Name = "Manufacturer Part Number 1"; Value = ""; VariantName = "[No Variations]"
Added Component: Designator=R?(RES_CRCW_0402)
Add component. Clean all parameters for all variants
Add component (AddParameter): Name = "Manufacturer 1"; Value = ""; VariantName = "[No Variations]"
Add component (AddParameter): Name = "Manufacturer Part Number 1"; Value = ""; VariantName = "[No Variations]"
Add component (AddParameter): Name = "Tolerance"; Value = "1%"; VariantName = "[No Variations]"
Added Component: Designator=R?(RES_CRCW_0402)
Add component. Clean all parameters for all variants
Add component (AddParameter): Name = "Manufacturer 1"; Value = ""; VariantName = "[No Variations]"
Add component (AddParameter): Name = "Manufacturer Part Number 1"; Value = ""; VariantName = "[No Variations]"
Add component (AddParameter): Name = "Tolerance"; Value = "1%"; VariantName = "[No Variations]"
Added Component: Designator=R?(RES_CRCW_0402)
Add component. Clean all parameters for all variants
Add component (AddParameter): Name = "Manufacturer 1"; Value = ""; VariantName = "[No Variations]"
Add component (AddParameter): Name = "Manufacturer Part Number 1"; Value = ""; VariantName = "[No Variations]"
Add component (AddParameter): Name = "Tolerance"; Value = "1%"; VariantName = "[No Variations]"
Added Component: Designator=R?(RES_CRCW_0402)
Add component. Clean all parameters for all variants
Add component (AddParameter): Name = "Manufacturer 1"; Value = ""; VariantName = "[No Variations]"
Add component (AddParameter): Name = "Manufacturer Part Number 1"; Value = ""; VariantName = "[No Variations]"
Add component (AddParameter): Name = "Tolerance"; Value = "1%"; VariantName = "[No Variations]"
Added Component: Designator=R?(RES_CRCW_0402)
Add component. Clean all parameters for all variants
Add component (AddParameter): Name = "Manufacturer 1"; Value = ""; VariantName = "[No Variations]"
Add component (AddParameter): Name = "Manufacturer Part Number 1"; Value = ""; VariantName = "[No Variations]"
Add component (AddParameter): Name = "Tolerance"; Value = "1%"; VariantName = "[No Variations]"
Added Component: Designator=R?(RES_CRCW_0402)
Add component. Clean all parameters for all variants
Add component (AddParameter): Name = "Manufacturer 1"; Value = ""; VariantName = "[No Variations]"
Add component (AddParameter): Name = "Manufacturer Part Number 1"; Value = ""; VariantName = "[No Variations]"
Added Component: Designator=R?(RES_CRCW_0402)
Add component. Clean all parameters for all variants
Add component (AddParameter): Name = "Manufacturer 1"; Value = ""; VariantName = "[No Variations]"
Add component (AddParameter): Name = "Manufacturer Part Number 1"; Value = ""; VariantName = "[No Variations]"
Added Component: Designator=R?(RES_CRCW_0402)
Add component. Clean all parameters for all variants
Add component (AddParameter): Name = "Manufacturer 1"; Value = ""; VariantName = "[No Variations]"
Add component (AddParameter): Name = "Manufacturer Part Number 1"; Value = ""; VariantName = "[No Variations]"
Add component (AddParameter): Name = "Tolerance"; Value = "1%"; VariantName = "[No Variations]"
Added Component: Designator=R?(RES_CRCW_0402)
Add component. Clean all parameters for all variants
Add component (AddParameter): Name = "Manufacturer 1"; Value = ""; VariantName = "[No Variations]"
Add component (AddParameter): Name = "Manufacturer Part Number 1"; Value = ""; VariantName = "[No Variations]"
Add component (AddParameter): Name = "Tolerance"; Value = "1%"; VariantName = "[No Variations]"
Added Component: Designator=R?(RES_CRCW_0402)
Add component. Clean all parameters for all variants
Add component (AddParameter): Name = "Manufacturer 1"; Value = ""; VariantName = "[No Variations]"
Add component (AddParameter): Name = "Manufacturer Part Number 1"; Value = ""; VariantName = "[No Variations]"
Added Component: Designator=R?(RES_CRCW_0402)
Add component. Clean all parameters for all variants
Add component (AddParameter): Name = "Manufacturer 1"; Value = ""; VariantName = "[No Variations]"
Add component (AddParameter): Name = "Manufacturer Part Number 1"; Value = ""; VariantName = "[No Variations]"
Add component (AddParameter): Name = "Tolerance"; Value = "1%"; VariantName = "[No Variations]"
Added Component: Designator=R?(RES_CRCW_0402)
Add component. Clean all parameters for all variants
Add component (AddParameter): Name = "Manufacturer 1"; Value = ""; VariantName = "[No Variations]"
Add component (AddParameter): Name = "Manufacturer Part Number 1"; Value = ""; VariantName = "[No Variations]"
Added Component: Designator=R?(RES_CRCW_0402)
Add component. Clean all parameters for all variants
Add component (AddParameter): Name = "Manufacturer 1"; Value = ""; VariantName = "[No Variations]"
Add component (AddParameter): Name = "Manufacturer Part Number 1"; Value = ""; VariantName = "[No Variations]"
Added Component: Designator=R?(RES_CRCW_0402)
Add component. Clean all parameters for all variants
Add component (AddParameter): Name = "Manufacturer 1"; Value = ""; VariantName = "[No Variations]"
Add component (AddParameter): Name = "Manufacturer Part Number 1"; Value = ""; VariantName = "[No Variations]"
Added Component: Designator=R?(RES_CRCW_0402)
Add component. Clean all parameters for all variants
Add component (AddParameter): Name = "Manufacturer 1"; Value = ""; VariantName = "[No Variations]"
Add component (AddParameter): Name = "Manufacturer Part Number 1"; Value = ""; VariantName = "[No Variations]"
Added Component: Designator=R?(RES_CRCW_0402)
Add component. Clean all parameters for all variants
Add component (AddParameter): Name = "Manufacturer 1"; Value = ""; VariantName = "[No Variations]"
Add component (AddParameter): Name = "Manufacturer Part Number 1"; Value = ""; VariantName = "[No Variations]"
Add component (AddParameter): Name = "Tolerance"; Value = "1%"; VariantName = "[No Variations]"
Added Component: Designator=R?(RES_CRCW_0402)
Add component. Clean all parameters for all variants
Add component (AddParameter): Name = "Manufacturer 1"; Value = ""; VariantName = "[No Variations]"
Add component (AddParameter): Name = "Manufacturer Part Number 1"; Value = ""; VariantName = "[No Variations]"
Add component (AddParameter): Name = "Tolerance"; Value = "1%"; VariantName = "[No Variations]"
Added Component: Designator=R?(RES_CRCW_0402)
Add component. Clean all parameters for all variants
Add component (AddParameter): Name = "Manufacturer 1"; Value = ""; VariantName = "[No Variations]"
Add component (AddParameter): Name = "Manufacturer Part Number 1"; Value = ""; VariantName = "[No Variations]"
Add component (AddParameter): Name = "Tolerance"; Value = "1%"; VariantName = "[No Variations]"
Added Component: Designator=R?(RES_CRCW_0402)
Add component. Clean all parameters for all variants
Add component (AddParameter): Name = "Manufacturer 1"; Value = ""; VariantName = "[No Variations]"
Add component (AddParameter): Name = "Manufacturer Part Number 1"; Value = ""; VariantName = "[No Variations]"
Add component (AddParameter): Name = "Tolerance"; Value = "1%"; VariantName = "[No Variations]"
Added Component: Designator=R?(RES_CRCW_0402)
Add component. Clean all parameters for all variants
Add component (AddParameter): Name = "Manufacturer 1"; Value = ""; VariantName = "[No Variations]"
Add component (AddParameter): Name = "Manufacturer Part Number 1"; Value = ""; VariantName = "[No Variations]"
Add component (AddParameter): Name = "Tolerance"; Value = "1%"; VariantName = "[No Variations]"
Added Component: Designator=R?(RES_CRCW_0402)
Add component. Clean all parameters for all variants
Add component (AddParameter): Name = "Manufacturer 1"; Value = ""; VariantName = "[No Variations]"
Add component (AddParameter): Name = "Manufacturer Part Number 1"; Value = ""; VariantName = "[No Variations]"
Add component (AddParameter): Name = "Tolerance"; Value = "1%"; VariantName = "[No Variations]"
Added Component: Designator=R?(RES_CRCW_0402)
Add component. Clean all parameters for all variants
Add component (AddParameter): Name = "Manufacturer 1"; Value = ""; VariantName = "[No Variations]"
Add component (AddParameter): Name = "Manufacturer Part Number 1"; Value = ""; VariantName = "[No Variations]"
Add component (AddParameter): Name = "Power"; Value = "1/10W"; VariantName = "[No Variations]"
Add component (AddParameter): Name = "Tolerance"; Value = "1%"; VariantName = "[No Variations]"
Added Component: Designator=R?(RES_CRCW_0402)
Add component. Clean all parameters for all variants
Add component (AddParameter): Name = "Manufacturer 1"; Value = ""; VariantName = "[No Variations]"
Add component (AddParameter): Name = "Manufacturer Part Number 1"; Value = ""; VariantName = "[No Variations]"
Added Component: Designator=R?(RES_CRCW_0402)
Add component. Clean all parameters for all variants
Add component (AddParameter): Name = "Manufacturer 1"; Value = ""; VariantName = "[No Variations]"
Add component (AddParameter): Name = "Manufacturer Part Number 1"; Value = ""; VariantName = "[No Variations]"
Add component (AddParameter): Name = "Tolerance"; Value = "1%"; VariantName = "[No Variations]"
Added Component: Designator=R?(RES_CRCW_0402)
Add component. Clean all parameters for all variants
Add component (AddParameter): Name = "Manufacturer 1"; Value = ""; VariantName = "[No Variations]"
Add component (AddParameter): Name = "Manufacturer Part Number 1"; Value = ""; VariantName = "[No Variations]"
Add component (AddParameter): Name = "Tolerance"; Value = "1%"; VariantName = "[No Variations]"
Added Component: Designator=SW?(B3SN-3012P)
Add component. Clean all parameters for all variants
Add component (AddParameter): Name = "Case/Package"; Value = "SMD/SMT"; VariantName = "[No Variations]"
Add component (AddParameter): Name = "ComponentLink1Description"; Value = "https://datasheet.ciiva.com/1532/en-b3sn-1532676.pdf"; VariantName = "[No Variations]"
Add component (AddParameter): Name = "ComponentLink1URL"; Value = "https://datasheet.ciiva.com/1532/en-b3sn-1532676.pdf"; VariantName = "[No Variations]"
Add component (AddParameter): Name = "ComponentLink2Description"; Value = "https://datasheet.ciiva.com/16154/en-b3sn-16154998.pdf"; VariantName = "[No Variations]"
Add component (AddParameter): Name = "ComponentLink2URL"; Value = "https://datasheet.ciiva.com/16154/en-b3sn-16154998.pdf"; VariantName = "[No Variations]"
Add component (AddParameter): Name = "ComponentLink3Description"; Value = "https://datasheet.ciiva.com/2900/b3sn-1110-2900023.pdf"; VariantName = "[No Variations]"
Add component (AddParameter): Name = "ComponentLink3URL"; Value = "https://datasheet.ciiva.com/2900/b3sn-1110-2900023.pdf"; VariantName = "[No Variations]"
Add component (AddParameter): Name = "ComponentLink4Description"; Value = "https://datasheet.ciiva.com/5283/en-b3sn-371257-5283623.pdf"; VariantName = "[No Variations]"
Add component (AddParameter): Name = "ComponentLink4URL"; Value = "https://datasheet.ciiva.com/5283/en-b3sn-371257-5283623.pdf"; VariantName = "[No Variations]"
Add component (AddParameter): Name = "ComponentLink5Description"; Value = "https://datasheet.ciiva.com/2900/b3sn-1110-2900024.pdf"; VariantName = "[No Variations]"
Add component (AddParameter): Name = "ComponentLink5URL"; Value = "https://datasheet.ciiva.com/2900/b3sn-1110-2900024.pdf"; VariantName = "[No Variations]"
Add component (AddParameter): Name = "ComponentLink6Description"; Value = "https://datasheet.ciiva.com/2900/b3sn-1110-2900025.pdf"; VariantName = "[No Variations]"
Add component (AddParameter): Name = "ComponentLink6URL"; Value = "https://datasheet.ciiva.com/2900/b3sn-1110-2900025.pdf"; VariantName = "[No Variations]"
Add component (AddParameter): Name = "ComponentLink7Description"; Value = "https://datasheet.ciiva.com/15183/getdatasheetpartid-87284-15183738.pdf"; VariantName = "[No Variations]"
Add component (AddParameter): Name = "ComponentLink7URL"; Value = "https://datasheet.ciiva.com/15183/getdatasheetpartid-87284-15183738.pdf"; VariantName = "[No Variations]"
Add component (AddParameter): Name = "ComponentLink8Description"; Value = "https://datasheet.ciiva.com/30076/en-b3sn-30076973.pdf"; VariantName = "[No Variations]"
Add component (AddParameter): Name = "ComponentLink8URL"; Value = "https://datasheet.ciiva.com/30076/en-b3sn-30076973.pdf"; VariantName = "[No Variations]"
Add component (AddParameter): Name = "Contact Current Rating"; Value = "50mA"; VariantName = "[No Variations]"
Add component (AddParameter): Name = "Contact Material"; Value = "Gold"; VariantName = "[No Variations]"
Add component (AddParameter): Name = "Contact Plating"; Value = "Gold"; VariantName = "[No Variations]"
Add component (AddParameter): Name = "Contact Resistance"; Value = "100mR"; VariantName = "[No Variations]"
Add component (AddParameter): Name = "Current Rating"; Value = "50mA"; VariantName = "[No Variations]"
Add component (AddParameter): Name = "Depth"; Value = "7mm"; VariantName = "[No Variations]"
Add component (AddParameter): Name = "Electrical Life"; Value = "50000Cycles"; VariantName = "[No Variations]"
Add component (AddParameter): Name = "Height"; Value = "3.1mm"; VariantName = "[No Variations]"
Add component (AddParameter): Name = "Illumination Type"; Value = "Non-Illuminated,Illuminated"; VariantName = "[No Variations]"
Add component (AddParameter): Name = "IP Rating"; Value = "IP67,Waterproof,Dust Tight"; VariantName = "[No Variations]"
Add component (AddParameter): Name = "Lead Free"; Value = "Contains Lead"; VariantName = "[No Variations]"
Add component (AddParameter): Name = "Length"; Value = "6.5mm"; VariantName = "[No Variations]"
Add component (AddParameter): Name = "Manufacturer"; Value = "Omron"; VariantName = "[No Variations]"
Add component (AddParameter): Name = "Manufacturer Part Number"; Value = "B3SN-3012P"; VariantName = "[No Variations]"
Add component (AddParameter): Name = "Max Current Rating"; Value = "50mA"; VariantName = "[No Variations]"
Add component (AddParameter): Name = "Max Operating Temperature"; Value = "70°C"; VariantName = "[No Variations]"
Add component (AddParameter): Name = "Max Voltage Rating (DC)"; Value = "24V"; VariantName = "[No Variations]"
Add component (AddParameter): Name = "Mechanical Life"; Value = "100000Cycles"; VariantName = "[No Variations]"
Add component (AddParameter): Name = "Min Operating Temperature"; Value = "-25°C"; VariantName = "[No Variations]"
Add component (AddParameter): Name = "Mount"; Value = "Surface Mount"; VariantName = "[No Variations]"
Add component (AddParameter): Name = "Number of Poles"; Value = "1"; VariantName = "[No Variations]"
Add component (AddParameter): Name = "Operating Force"; Value = "1.57N"; VariantName = "[No Variations]"
Add component (AddParameter): Name = "Orientation"; Value = "Straight"; VariantName = "[No Variations]"
Add component (AddParameter): Name = "Package Quantity"; Value = "1"; VariantName = "[No Variations]"
Add component (AddParameter): Name = "Packaging"; Value = "Tape and Reel"; VariantName = "[No Variations]"
Add component (AddParameter): Name = "Pricing 1"; Value = "3000=0.52365 (USD)"; VariantName = "[No Variations]"
Add component (AddParameter): Name = "Radiation Hardening"; Value = "No"; VariantName = "[No Variations]"
Add component (AddParameter): Name = "REACH SVHC"; Value = "Unknown"; VariantName = "[No Variations]"
Add component (AddParameter): Name = "Stock 1"; Value = "48000"; VariantName = "[No Variations]"
Add component (AddParameter): Name = "Supplier 1"; Value = "Digi-Key"; VariantName = "[No Variations]"
Add component (AddParameter): Name = "Supplier Part Number 1"; Value = "SW261TR-ND"; VariantName = "[No Variations]"
Add component (AddParameter): Name = "Switch Function"; Value = "Off-Mom"; VariantName = "[No Variations]"
Add component (AddParameter): Name = "Switch Travel"; Value = "0.25mm"; VariantName = "[No Variations]"
Add component (AddParameter): Name = "Termination"; Value = "SMD/SMT"; VariantName = "[No Variations]"
Add component (AddParameter): Name = "Throw Configuration"; Value = "SPST"; VariantName = "[No Variations]"
Add component (AddParameter): Name = "Voltage Rating (DC)"; Value = "24V"; VariantName = "[No Variations]"
Add component (AddParameter): Name = "Weight"; Value = "0.007055oz"; VariantName = "[No Variations]"
Added Component: Designator=U?(32L_STSOP-1_H_IS)
Add component. Clean all parameters for all variants
Add component (AddParameter): Name = "Built_By"; Value = "EMA_Cory"; VariantName = "[No Variations]"
Add component (AddParameter): Name = "Copyright"; Value = "Copyright (C) 2018 Accelerated Designs. All rights reserved"; VariantName = "[No Variations]"
Add component (AddParameter): Name = "Manufacturer_Part_Number"; Value = "IS62WV1288BLL-55HLI"; VariantName = "[No Variations]"
Add component (AddParameter): Name = "RefDes"; Value = "RefDes"; VariantName = "[No Variations]"
Add component (AddParameter): Name = "SourceLibrary"; Value = "ISSI_2019-12-02"; VariantName = "[No Variations]"
Add component (AddParameter): Name = "Type"; Value = "DEV"; VariantName = "[No Variations]"
Add component (AddParameter): Name = "Value"; Value = "Value"; VariantName = "[No Variations]"
Add component (AddParameter): Name = "Vendor"; Value = "ISSI"; VariantName = "[No Variations]"
Added Pin To Net: NetName=GND Pin=C?-2
Added Pin To Net: NetName=GND Pin=C?-2
Added Pin To Net: NetName=GND Pin=D?-1
Added Pin To Net: NetName=GND Pin=R?-1
Added Pin To Net: NetName=GND Pin=R?-2
Added Pin To Net: NetName=GND Pin=R?-2
Added Pin To Net: NetName=GND Pin=R?-2
Added Pin To Net: NetName=GND Pin=R?-2
Added Pin To Net: NetName=SRAM_C\S\1\ Pin=R?-2
Added Pin To Net: NetName=GND Pin=SW?-4
Added Pin To Net: NetName=GND Pin=U1-K9
Added Pin To Net: NetName=GND Pin=U1-K10
Added Pin To Net: NetName=GND Pin=U1-L9
Added Pin To Net: NetName=GND Pin=U1-L10
Added Pin To Net: NetName=GND Pin=U1-M9
Added Pin To Net: NetName=GND Pin=U1-M10
Added Pin To Net: NetName=SRAM_A11 Pin=U?-1
Added Pin To Net: NetName=SRAM_A9 Pin=U?-2
Added Pin To Net: NetName=SRAM_A8 Pin=U?-3
Added Pin To Net: NetName=GND Pin=U?-4
Added Pin To Net: NetName=SRAM_A13 Pin=U?-4
Added Pin To Net: NetName=SRAM_WE Pin=U?-5
Added Pin To Net: NetName=SRAM_A15 Pin=U?-7
Added Pin To Net: NetName=SRAM_A16 Pin=U?-10
Added Pin To Net: NetName=SRAM_A14 Pin=U?-11
Added Pin To Net: NetName=SRAM_A12 Pin=U?-12
Added Pin To Net: NetName=SRAM_A7 Pin=U?-13
Added Pin To Net: NetName=SRAM_A6 Pin=U?-14
Added Pin To Net: NetName=SRAM_A5 Pin=U?-15
Added Pin To Net: NetName=SRAM_A4 Pin=U?-16
Added Pin To Net: NetName=SRAM_A3 Pin=U?-17
Added Pin To Net: NetName=SRAM_A2 Pin=U?-18
Added Pin To Net: NetName=SRAM_A1 Pin=U?-19
Added Pin To Net: NetName=SRAM_A0 Pin=U?-20
Added Pin To Net: NetName=SRAM_DQ0 Pin=U?-21
Added Pin To Net: NetName=SRAM_DQ1 Pin=U?-22
Added Pin To Net: NetName=SRAM_DQ2 Pin=U?-23
Added Pin To Net: NetName=GND Pin=U?-24
Added Pin To Net: NetName=SRAM_DQ3 Pin=U?-25
Added Pin To Net: NetName=SRAM_DQ4 Pin=U?-26
Added Pin To Net: NetName=SRAM_DQ5 Pin=U?-27
Added Pin To Net: NetName=SRAM_DQ6 Pin=U?-28
Added Pin To Net: NetName=SRAM_DQ7 Pin=U?-29
Added Pin To Net: NetName=SRAM_C\S\1\ Pin=U?-30
Added Pin To Net: NetName=SRAM_A10 Pin=U?-31
Added Pin To Net: NetName=SRAM_OE Pin=U?-32
Added Pin To Net: NetName=+3V3 Pin=C?-1
Added Pin To Net: NetName=+3V3 Pin=C?-1
Added Pin To Net: NetName=+3V3 Pin=R?-1
Added Pin To Net: NetName=+3V3 Pin=R?-1
Added Pin To Net: NetName=+3V3 Pin=R?-1
Added Pin To Net: NetName=+3V3 Pin=R?-1
Added Pin To Net: NetName=+3V3 Pin=R?-1
Added Pin To Net: NetName=+3V3 Pin=R?-1
Added Pin To Net: NetName=+3V3 Pin=R?-1
Added Pin To Net: NetName=+3V3 Pin=R?-1
Added Pin To Net: NetName=+3V3 Pin=R?-1
Added Pin To Net: NetName=+3V3 Pin=R?-1
Added Pin To Net: NetName=+3V3 Pin=R?-1
Added Pin To Net: NetName=+3V3 Pin=R?-1
Added Pin To Net: NetName=+3V3 Pin=R?-2
Added Pin To Net: NetName=+3V3 Pin=U1-A16
Added Pin To Net: NetName=+3V3 Pin=U1-B13
Added Pin To Net: NetName=+3V3 Pin=U1-C10
Added Pin To Net: NetName=+3V3 Pin=U1-D17
Added Pin To Net: NetName=+3V3 Pin=U1-E10
Added Pin To Net: NetName=+3V3 Pin=U1-E14
Added Pin To Net: NetName=+3V3 Pin=U1-G18
Added Pin To Net: NetName=+3V3 Pin=U1-H15
Added Pin To Net: NetName=+3V3 Pin=U1-L16
Added Pin To Net: NetName=+3V3 Pin=U1-P17
Added Pin To Net: NetName=+3V3 Pin=U1-R10
Added Pin To Net: NetName=+3V3 Pin=U1-R14
Added Pin To Net: NetName=+3V3 Pin=U1-T11
Added Pin To Net: NetName=+3V3 Pin=U1-U8
Added Pin To Net: NetName=+3V3 Pin=U1-U18
Added Pin To Net: NetName=+3V3 Pin=U1-V15
Added Pin To Net: NetName=+3V3 Pin=U?-8
Added Pin To Net: NetName=+3V3 Pin=U?-8
Added Net: Name=+3V3
Added Pin To Net: NetName=M0 Pin=R?-1
Added Pin To Net: NetName=M0 Pin=R?-2
Added Pin To Net: NetName=M0 Pin=U1-R12
Added Net: Name=M0
Added Pin To Net: NetName=M1 Pin=R?-1
Added Pin To Net: NetName=M1 Pin=R?-2
Added Pin To Net: NetName=M1 Pin=U1-R11
Added Net: Name=M1
Added Pin To Net: NetName=M2 Pin=R?-1
Added Pin To Net: NetName=M2 Pin=R?-2
Added Pin To Net: NetName=M2 Pin=U1-F13
Added Net: Name=M2
Added Pin To Net: NetName=NetD?_2 Pin=D?-2
Added Pin To Net: NetName=NetD?_2 Pin=R?-2
Added Pin To Net: NetName=NetD?_2 Pin=U1-F12
Added Net: Name=NetD?_2
Added Pin To Net: NetName=NetJ?_4 Pin=R?-2
Added Net: Name=NetJ?_4
Added Pin To Net: NetName=NetJ?_6 Pin=R?-2
Added Net: Name=NetJ?_6
Added Pin To Net: NetName=NetJ?_10 Pin=R?-2
Added Net: Name=NetJ?_10
Added Pin To Net: NetName=NetJ?_14 Pin=R?-2
Added Net: Name=NetJ?_14
Added Pin To Net: NetName=NetR?_1 Pin=R?-1
Added Pin To Net: NetName=NetR?_1 Pin=R?-2
Added Pin To Net: NetName=NetR?_1 Pin=U?-7
Added Net: Name=NetR?_1
Added Pin To Net: NetName=NetR?_2 Pin=R?-2
Added Pin To Net: NetName=NetR?_2 Pin=U1-K16
Added Net: Name=NetR?_2
Added Pin To Net: NetName=NetU1_E8 Pin=U1-E8
Added Pin To Net: NetName=NetU1_E8 Pin=U?-6
Added Net: Name=NetU1_E8
Added Pin To Net: NetName=Reset_B Pin=R?-2
Added Pin To Net: NetName=Reset_B Pin=R?-2
Added Pin To Net: NetName=Reset_B Pin=U1-P10
Added Net: Name=Reset_B
Added Pin To Net: NetName=TCK Pin=R?-1
Added Pin To Net: NetName=TCK Pin=U1-F8
Added Net: Name=TCK
Added Pin To Net: NetName=TDI Pin=R?-1
Added Pin To Net: NetName=TDI Pin=U1-T9
Added Net: Name=TDI
Added Pin To Net: NetName=TDO Pin=R?-2
Added Net: Name=TDO
Added Pin To Net: NetName=TMS Pin=R?-1
Added Pin To Net: NetName=TMS Pin=U1-R8
Added Net: Name=TMS
Added Member To Class: ClassName=ArtixBank15 Member=Component C? 100nf
Added Member To Class: ClassName=ArtixConfig Member=Component C? 100nf
Added Member To Class: ClassName=ArtixConfig Member=Component D? LTST-C190GKT
Added Member To Class: ClassName=ArtixPower Member=Component FB? 600OHM 100Mhz
Added Member To Class: ClassName=ArtixBank15 Member=Component R? NC
Added Member To Class: ClassName=ArtixBank15 Member=Component R? 1K
Added Member To Class: ClassName=ArtixBank15 Member=Component R? 1K
Added Member To Class: ClassName=ArtixConfig Member=Component R? 4.7K
Added Member To Class: ClassName=ArtixConfig Member=Component R? NC
Added Member To Class: ClassName=ArtixConfig Member=Component R? 1K
Added Member To Class: ClassName=ArtixConfig Member=Component R? 100OHM
Added Member To Class: ClassName=ArtixConfig Member=Component R? 100OHM
Added Member To Class: ClassName=ArtixConfig Member=Component R? 100OHM
Added Member To Class: ClassName=ArtixConfig Member=Component R? 100OHM
Added Member To Class: ClassName=ArtixConfig Member=Component R? NC
Added Member To Class: ClassName=ArtixConfig Member=Component R? NC
Added Member To Class: ClassName=ArtixConfig Member=Component R? 1K
Added Member To Class: ClassName=ArtixConfig Member=Component R? 1K
Added Member To Class: ClassName=ArtixConfig Member=Component R? 0OHM
Added Member To Class: ClassName=ArtixConfig Member=Component R? 100OHM
Added Member To Class: ClassName=ArtixConfig Member=Component R? 0OHM
Added Member To Class: ClassName=ArtixConfig Member=Component R? 0OHM
Added Member To Class: ClassName=ArtixConfig Member=Component R? 0OHM
Added Member To Class: ClassName=ArtixConfig Member=Component R? 0OHM
Added Member To Class: ClassName=ArtixConfig Member=Component R? 4.7K
Added Member To Class: ClassName=ArtixConfig Member=Component R? 4.7K
Added Member To Class: ClassName=ArtixConfig Member=Component R? 1K
Added Member To Class: ClassName=ArtixConfig Member=Component R? 4.7K
Added Member To Class: ClassName=ArtixConfig Member=Component R? 4.7K
Added Member To Class: ClassName=ArtixConfig Member=Component R? 4.7K
Added Member To Class: ClassName=ArtixConfig Member=Component R? 300OHM
Added Member To Class: ClassName=ArtixConfig Member=Component SW? B3SN-3012P
Added Member To Class: ClassName=ArtixBank15 Member=Component U? Part Number: IS62WV1288BLL-55HLI
Added Member To Class: ClassName=ArtixConfig Member=Component U? MX25L3233FM2I-08G
