Change Physical Footprint: Designator=C1 Old Footprint=0402Footprint New Footprint=0402Footprint
Change Physical Footprint: Designator=C2 Old Footprint=0402Footprint New Footprint=0402Footprint
Change Physical Footprint: Designator=C3 Old Footprint=0402Footprint New Footprint=0402Footprint
Change Physical Footprint: Designator=C4 Old Footprint=0402Footprint New Footprint=0402Footprint
Change Physical Footprint: Designator=C5 Old Footprint=0402Footprint New Footprint=0402Footprint
Change Physical Footprint: Designator=C6 Old Footprint=0402Footprint New Footprint=0402Footprint
Change Physical Footprint: Designator=C7 Old Footprint=0402Footprint New Footprint=0402Footprint
Change Physical Footprint: Designator=C8 Old Footprint=1206 New Footprint=1206
Change Physical Footprint: Designator=C9 Old Footprint=0402Footprint New Footprint=0402Footprint
Change Physical Footprint: Designator=C10 Old Footprint=0402Footprint New Footprint=0402Footprint
Change Physical Footprint: Designator=C11 Old Footprint=0402Footprint New Footprint=0402Footprint
Change Physical Footprint: Designator=C12 Old Footprint=0402Footprint New Footprint=0402Footprint
Change Physical Footprint: Designator=C13 Old Footprint=0805FOOTPRINT New Footprint=0805FOOTPRINT
Change Physical Footprint: Designator=C14 Old Footprint=0402Footprint New Footprint=0402Footprint
Change Physical Footprint: Designator=C15 Old Footprint=0402Footprint New Footprint=0402Footprint
Change Physical Footprint: Designator=C16 Old Footprint=0805FOOTPRINT New Footprint=0805FOOTPRINT
Change Physical Footprint: Designator=C17 Old Footprint=0402Footprint New Footprint=0402Footprint
Change Physical Footprint: Designator=C18 Old Footprint=0402Footprint New Footprint=0402Footprint
Change Physical Footprint: Designator=C19 Old Footprint=0805FOOTPRINT New Footprint=0805FOOTPRINT
Change Physical Footprint: Designator=C20 Old Footprint=0402Footprint New Footprint=0402Footprint
Change Physical Footprint: Designator=C21 Old Footprint=0402Footprint New Footprint=0402Footprint
Change Physical Footprint: Designator=C22 Old Footprint=0805FOOTPRINT New Footprint=0805FOOTPRINT
Change Physical Footprint: Designator=C23 Old Footprint=0402Footprint New Footprint=0402Footprint
Change Physical Footprint: Designator=C24 Old Footprint=0402Footprint New Footprint=0402Footprint
Change Physical Footprint: Designator=C25 Old Footprint=0805FOOTPRINT New Footprint=0805FOOTPRINT
Change Physical Footprint: Designator=C26 Old Footprint=0402Footprint New Footprint=0402Footprint
Change Physical Footprint: Designator=C27 Old Footprint=0805FOOTPRINT New Footprint=0805FOOTPRINT
Change Physical Footprint: Designator=C28 Old Footprint=0402Footprint New Footprint=0402Footprint
Change Physical Footprint: Designator=C29 Old Footprint=0402Footprint New Footprint=0402Footprint
Change Physical Footprint: Designator=C30 Old Footprint=0402Footprint New Footprint=0402Footprint
Change Physical Footprint: Designator=C31 Old Footprint=0805FOOTPRINT New Footprint=0805FOOTPRINT
Change Physical Footprint: Designator=C32 Old Footprint=0402Footprint New Footprint=0402Footprint
Change Physical Footprint: Designator=C33 Old Footprint=0402Footprint New Footprint=0402Footprint
Change Physical Footprint: Designator=C34 Old Footprint=0805FOOTPRINT New Footprint=0805FOOTPRINT
Change Physical Footprint: Designator=C35 Old Footprint=0805FOOTPRINT New Footprint=0805FOOTPRINT
Change Physical Footprint: Designator=C36 Old Footprint=0402Footprint New Footprint=0402Footprint
Change Physical Footprint: Designator=C37 Old Footprint=0402Footprint New Footprint=0402Footprint
Change Physical Footprint: Designator=C38 Old Footprint=0805FOOTPRINT New Footprint=0805FOOTPRINT
Change Physical Footprint: Designator=C39 Old Footprint=0402Footprint New Footprint=0402Footprint
Change Physical Footprint: Designator=C40 Old Footprint=0402Footprint New Footprint=0402Footprint
Change Physical Footprint: Designator=C41 Old Footprint=0402Footprint New Footprint=0402Footprint
Change Physical Footprint: Designator=C42 Old Footprint=0402Footprint New Footprint=0402Footprint
Change Physical Footprint: Designator=C43 Old Footprint=0402Footprint New Footprint=0402Footprint
Change Physical Footprint: Designator=C44 Old Footprint=0402Footprint New Footprint=0402Footprint
Change Physical Footprint: Designator=C45 Old Footprint=0402Footprint New Footprint=0402Footprint
Change Physical Footprint: Designator=C46 Old Footprint=0402Footprint New Footprint=0402Footprint
Change Physical Footprint: Designator=C47 Old Footprint=0402Footprint New Footprint=0402Footprint
Change Physical Footprint: Designator=C48 Old Footprint=0402Footprint New Footprint=0402Footprint
Change Physical Footprint: Designator=C49 Old Footprint=0402Footprint New Footprint=0402Footprint
Change Physical Footprint: Designator=C50 Old Footprint=0402Footprint New Footprint=0402Footprint
Change Physical Footprint: Designator=C51 Old Footprint=0402Footprint New Footprint=0402Footprint
Change Physical Footprint: Designator=C52 Old Footprint=0402Footprint New Footprint=0402Footprint
Change Physical Footprint: Designator=C53 Old Footprint=0402Footprint New Footprint=0402Footprint
Change Physical Footprint: Designator=C54 Old Footprint=0402Footprint New Footprint=0402Footprint
Change Physical Footprint: Designator=C55 Old Footprint=0402Footprint New Footprint=0402Footprint
Change Physical Footprint: Designator=C56 Old Footprint=0402Footprint New Footprint=0402Footprint
Change Physical Footprint: Designator=C57 Old Footprint=0402Footprint New Footprint=0402Footprint
Change Physical Footprint: Designator=C58 Old Footprint=0402Footprint New Footprint=0402Footprint
Change Physical Footprint: Designator=C59 Old Footprint=0805FOOTPRINT New Footprint=0805FOOTPRINT
Change Physical Footprint: Designator=D1 Old Footprint=0603 New Footprint=0603
Change Physical Footprint: Designator=D2 Old Footprint=SODFL160X70-2L New Footprint=SODFL160X70-2L
Change Physical Footprint: Designator=FB1 Old Footprint=0805 New Footprint=0805
Change Physical Footprint: Designator=FB2 Old Footprint=0805 New Footprint=0805
Change Physical Footprint: Designator=J1 Old Footprint=MOLEX_87832-1420 New Footprint=MOLEX_87832-1420
Change Physical Footprint: Designator=J2 Old Footprint=SFM-110-02-L-S New Footprint=SFM-110-02-L-S
Change Physical Footprint: Designator=J3 Old Footprint=SFM-110-02-L-S New Footprint=SFM-110-02-L-S
Change Physical Footprint: Designator=J4 Old Footprint=CUI_PJ-002A New Footprint=CUI_PJ-002A
Change Physical Footprint: Designator=J5 Old Footprint=TE_3-1734592-7 New Footprint=TE_3-1734592-7
Change Physical Footprint: Designator=R1 Old Footprint=RES_CRCW_0402 New Footprint=RES_CRCW_0402
Change Physical Footprint: Designator=R2 Old Footprint=RES_CRCW_0402 New Footprint=RES_CRCW_0402
Change Physical Footprint: Designator=R3 Old Footprint=RES_CRCW_0402 New Footprint=RES_CRCW_0402
Change Physical Footprint: Designator=R4 Old Footprint=RES_CRCW_0402 New Footprint=RES_CRCW_0402
Change Physical Footprint: Designator=R5 Old Footprint=RES_CRCW_0402 New Footprint=RES_CRCW_0402
Change Physical Footprint: Designator=R6 Old Footprint=RES_CRCW_0402 New Footprint=RES_CRCW_0402
Change Physical Footprint: Designator=R7 Old Footprint=RES_CRCW_0402 New Footprint=RES_CRCW_0402
Change Physical Footprint: Designator=R8 Old Footprint=RES_CRCW_0402 New Footprint=RES_CRCW_0402
Change Physical Footprint: Designator=R9 Old Footprint=RES_CRCW_0402 New Footprint=RES_CRCW_0402
Change Physical Footprint: Designator=R10 Old Footprint=RES_CRCW_0402 New Footprint=RES_CRCW_0402
Change Physical Footprint: Designator=R11 Old Footprint=RES_CRCW_0402 New Footprint=RES_CRCW_0402
Change Physical Footprint: Designator=R12 Old Footprint=RES_CRCW_0402 New Footprint=RES_CRCW_0402
Change Physical Footprint: Designator=R13 Old Footprint=RES_CRCW_0402 New Footprint=RES_CRCW_0402
Change Physical Footprint: Designator=R14 Old Footprint=RES_CRCW_0402 New Footprint=RES_CRCW_0402
Change Physical Footprint: Designator=R15 Old Footprint=RES_CRCW_0402 New Footprint=RES_CRCW_0402
Change Physical Footprint: Designator=R16 Old Footprint=RES_CRCW_0402 New Footprint=RES_CRCW_0402
Change Physical Footprint: Designator=R17 Old Footprint=RES_CRCW_0402 New Footprint=RES_CRCW_0402
Change Physical Footprint: Designator=R18 Old Footprint=RES_CRCW_0402 New Footprint=RES_CRCW_0402
Change Physical Footprint: Designator=R19 Old Footprint=RES_CRCW_0402 New Footprint=RES_CRCW_0402
Change Physical Footprint: Designator=R20 Old Footprint=RES_CRCW_0402 New Footprint=RES_CRCW_0402
Change Physical Footprint: Designator=R21 Old Footprint=RES_CRCW_0402 New Footprint=RES_CRCW_0402
Change Physical Footprint: Designator=R22 Old Footprint=RES_CRCW_0402 New Footprint=RES_CRCW_0402
Change Physical Footprint: Designator=R23 Old Footprint=RES_CRCW_0402 New Footprint=RES_CRCW_0402
Change Physical Footprint: Designator=R24 Old Footprint=RES_CRCW_0402 New Footprint=RES_CRCW_0402
Change Physical Footprint: Designator=R25 Old Footprint=RES_CRCW_0402 New Footprint=RES_CRCW_0402
Change Physical Footprint: Designator=R26 Old Footprint=RES_CRCW_0402 New Footprint=RES_CRCW_0402
Change Physical Footprint: Designator=R27 Old Footprint=RES_CRCW_0402 New Footprint=RES_CRCW_0402
Change Physical Footprint: Designator=R28 Old Footprint=RES_CRCW_0402 New Footprint=RES_CRCW_0402
Change Physical Footprint: Designator=R29 Old Footprint=RES_CRCW_0402 New Footprint=RES_CRCW_0402
Change Physical Footprint: Designator=R30 Old Footprint=RES_CRCW_0402 New Footprint=RES_CRCW_0402
Change Physical Footprint: Designator=R31 Old Footprint=RES_CRCW_0402 New Footprint=RES_CRCW_0402
Change Physical Footprint: Designator=R32 Old Footprint=RES_CRCW_0402 New Footprint=RES_CRCW_0402
Change Physical Footprint: Designator=R33 Old Footprint=RES_CRCW_0402 New Footprint=RES_CRCW_0402
Change Physical Footprint: Designator=R34 Old Footprint=RES_CRCW_0402 New Footprint=RES_CRCW_0402
Change Physical Footprint: Designator=R35 Old Footprint=RES_CRCW_0402 New Footprint=RES_CRCW_0402
Change Physical Footprint: Designator=R36 Old Footprint=RES_CRCW_0402 New Footprint=RES_CRCW_0402
Change Physical Footprint: Designator=R37 Old Footprint=RES_CRCW_0402 New Footprint=RES_CRCW_0402
Change Physical Footprint: Designator=R38 Old Footprint=RES_CRCW_0402 New Footprint=RES_CRCW_0402
Change Physical Footprint: Designator=R39 Old Footprint=RES_CRCW_0402 New Footprint=RES_CRCW_0402
Change Physical Footprint: Designator=R40 Old Footprint=RES_CRCW_0402 New Footprint=RES_CRCW_0402
Change Physical Footprint: Designator=R41 Old Footprint=RES_CRCW_0402 New Footprint=RES_CRCW_0402
Change Physical Footprint: Designator=R42 Old Footprint=RES_CRCW_0402 New Footprint=RES_CRCW_0402
Change Physical Footprint: Designator=R43 Old Footprint=RES_CRCW_0402 New Footprint=RES_CRCW_0402
Change Physical Footprint: Designator=R44 Old Footprint=RES_CRCW_0402 New Footprint=RES_CRCW_0402
Change Physical Footprint: Designator=R45 Old Footprint=RES_CRCW_0402 New Footprint=RES_CRCW_0402
Change Physical Footprint: Designator=R46 Old Footprint=RES_CRCW_0402 New Footprint=RES_CRCW_0402
Change Physical Footprint: Designator=R47 Old Footprint=RES_CRCW_0402 New Footprint=RES_CRCW_0402
Change Physical Footprint: Designator=R48 Old Footprint=RES_CRCW_0402 New Footprint=RES_CRCW_0402
Change Physical Footprint: Designator=R49 Old Footprint=RES_CRCW_0402 New Footprint=RES_CRCW_0402
Change Physical Footprint: Designator=R50 Old Footprint=RES_CRCW_0402 New Footprint=RES_CRCW_0402
Change Physical Footprint: Designator=R51 Old Footprint=RES_CRCW_0402 New Footprint=RES_CRCW_0402
Change Physical Footprint: Designator=R52 Old Footprint=RES_CRCW_0402 New Footprint=RES_CRCW_0402
Change Physical Footprint: Designator=R53 Old Footprint=RES_CRCW_0402 New Footprint=RES_CRCW_0402
Change Physical Footprint: Designator=R54 Old Footprint=RES_CRCW_0402 New Footprint=RES_CRCW_0402
Change Physical Footprint: Designator=R55 Old Footprint=RES_CRCW_0402 New Footprint=RES_CRCW_0402
Change Physical Footprint: Designator=R56 Old Footprint=RES_CRCW_0402 New Footprint=RES_CRCW_0402
Change Physical Footprint: Designator=R57 Old Footprint=RES_CRCW_0402 New Footprint=RES_CRCW_0402
Change Physical Footprint: Designator=R58 Old Footprint=RES_CRCW_0402 New Footprint=RES_CRCW_0402
Change Physical Footprint: Designator=R59 Old Footprint=RESC1508X06N New Footprint=RESC1508X06N
Change Physical Footprint: Designator=R60 Old Footprint=RESC1508X06N New Footprint=RESC1508X06N
Change Physical Footprint: Designator=R61 Old Footprint=RESC1508X06N New Footprint=RESC1508X06N
Change Physical Footprint: Designator=R62 Old Footprint=RESC1508X06N New Footprint=RESC1508X06N
Change Physical Footprint: Designator=R63 Old Footprint=RESC1508X06N New Footprint=RESC1508X06N
Change Physical Footprint: Designator=R64 Old Footprint=RES_CRCW_0402 New Footprint=RES_CRCW_0402
Change Physical Footprint: Designator=R65 Old Footprint=RES_CRCW_0402 New Footprint=RES_CRCW_0402
Change Physical Footprint: Designator=R66 Old Footprint=RES_CRCW_0402 New Footprint=RES_CRCW_0402
Change Physical Footprint: Designator=SW1 Old Footprint=B3SN-3012P New Footprint=B3SN-3012P
Change Physical Footprint: Designator=U Old Footprint=SOIC50P1340X125-32N New Footprint=SOIC50P1340X125-32N
Change Physical Footprint: Designator=U1 Old Footprint=BGA324C80P18X18_1500X1500X150 New Footprint=BGA324C80P18X18_1500X1500X150
Change Physical Footprint: Designator=U2 Old Footprint=SOP127P1030X265-16N New Footprint=SOP127P1030X265-16N
Change Physical Footprint: Designator=U3 Old Footprint=SOIC127P790X216-8N_MX25L3233FM2I-08G New Footprint=SOIC127P790X216-8N_MX25L3233FM2I-08G
Change Physical Footprint: Designator=U4 Old Footprint=LTM4643 15X9X2.42 05-08-1908 New Footprint=LTM4643 15X9X2.42 05-08-1908
Change Physical Footprint: Designator=X1 Old Footprint=SIT8008AI-12-33E-100.000000E New Footprint=SIT8008AI-12-33E-100.000000E
