Replace Part C12 10uf_0402 in E:\HardwareProjects\SpartanDemo\SpartanMainBoard\Power.SchDoc with 10uf_0402 from Capacitors.IntLib
Replace Part C13 47uf_0805 in E:\HardwareProjects\SpartanDemo\SpartanMainBoard\Power.SchDoc with 47uf_0805 from Capacitors.IntLib
Replace Part C14 100nf_0402 in E:\HardwareProjects\SpartanDemo\SpartanMainBoard\Power.SchDoc with 100nf_0402 from Capacitors.IntLib
Replace Part C15 10uf_0402 in E:\HardwareProjects\SpartanDemo\SpartanMainBoard\Power.SchDoc with 10uf_0402 from Capacitors.IntLib
Replace Part C16 47uf_0805 in E:\HardwareProjects\SpartanDemo\SpartanMainBoard\Power.SchDoc with 47uf_0805 from Capacitors.IntLib
Replace Part C17 100nf_0402 in E:\HardwareProjects\SpartanDemo\SpartanMainBoard\Power.SchDoc with 100nf_0402 from Capacitors.IntLib
Replace Part C18 10uf_0402 in E:\HardwareProjects\SpartanDemo\SpartanMainBoard\Power.SchDoc with 10uf_0402 from Capacitors.IntLib
Replace Part C19 47uf_0805 in E:\HardwareProjects\SpartanDemo\SpartanMainBoard\Power.SchDoc with 47uf_0805 from Capacitors.IntLib
Replace Part C20 100nf_0402 in E:\HardwareProjects\SpartanDemo\SpartanMainBoard\Power.SchDoc with 100nf_0402 from Capacitors.IntLib
Replace Part C21 10uf_0402 in E:\HardwareProjects\SpartanDemo\SpartanMainBoard\Power.SchDoc with 10uf_0402 from Capacitors.IntLib
Replace Part C22 47uf_0805 in E:\HardwareProjects\SpartanDemo\SpartanMainBoard\Power.SchDoc with 47uf_0805 from Capacitors.IntLib
Replace Part C23 100nf_0402 in E:\HardwareProjects\SpartanDemo\SpartanMainBoard\Power.SchDoc with 100nf_0402 from Capacitors.IntLib
Replace Part J4 PJ-002A in E:\HardwareProjects\SpartanDemo\SpartanMainBoard\Power.SchDoc with PJ-002A from Connectors.IntLib
Replace Part R29 30.1K_0402 in E:\HardwareProjects\SpartanDemo\SpartanMainBoard\Power.SchDoc with 30.1K_0402 from Resistors.IntLib
Replace Part R30 90.9K_0402 in E:\HardwareProjects\SpartanDemo\SpartanMainBoard\Power.SchDoc with 90.9K_0402 from Resistors.IntLib
Replace Part R31 13.3K_0402 in E:\HardwareProjects\SpartanDemo\SpartanMainBoard\Power.SchDoc with 13.3K_0402 from Resistors.IntLib
Replace Part R32 14.5K_0402 in E:\HardwareProjects\SpartanDemo\SpartanMainBoard\Power.SchDoc with 14.5K_0402 from Resistors.IntLib
Replace Part R33 100K_0402 in E:\HardwareProjects\SpartanDemo\SpartanMainBoard\Power.SchDoc with 100K_0402 from Resistors.IntLib
Replace Part R34 100K_0402 in E:\HardwareProjects\SpartanDemo\SpartanMainBoard\Power.SchDoc with 100K_0402 from Resistors.IntLib
Replace Part R59 0.01OHM_0603 in E:\HardwareProjects\SpartanDemo\SpartanMainBoard\Power.SchDoc with 0.01OHM_0603 from Resistors.IntLib
Replace Part R60 0.01OHM_0603 in E:\HardwareProjects\SpartanDemo\SpartanMainBoard\Power.SchDoc with 0.01OHM_0603 from Resistors.IntLib
Replace Part R61 0.01OHM_0603 in E:\HardwareProjects\SpartanDemo\SpartanMainBoard\Power.SchDoc with 0.01OHM_0603 from Resistors.IntLib
Replace Part R62 0.01OHM_0603 in E:\HardwareProjects\SpartanDemo\SpartanMainBoard\Power.SchDoc with 0.01OHM_0603 from Resistors.IntLib
Replace Part U4 LTM4643 in E:\HardwareProjects\SpartanDemo\SpartanMainBoard\Power.SchDoc with LTM4643 from LTM4643.IntLib
